1245625287.22 staticloc000 89
1245625290.95 staticloc000 84
1245625294.57 staticloc000 75
1245625618.34 staticloc000 89
1245625634.0 staticloc000 84
1245625634.1 staticloc000 76
1245625634.21 staticloc000 89
1245625634.32 staticloc000 84
1245625634.44 staticloc000 88
1245625634.55 staticloc000 88
1245625634.66 staticloc000 89
1245625634.77 staticloc000 78
1245625634.88 staticloc000 87
1245625635.0 staticloc000 76
1245625635.11 staticloc000 82
1245625635.22 staticloc000 88
1245625635.33 staticloc000 89
1245625635.44 staticloc000 89
1245625635.56 staticloc000 85
1245625635.67 staticloc000 89
1245625635.78 staticloc000 82
1245625635.89 staticloc000 88
1245625636.0 staticloc000 90
1245625636.12 staticloc000 74
1245625636.23 staticloc000 87
1245625636.34 staticloc000 81
1245625636.45 staticloc000 72
1245625636.56 staticloc000 82
1245625636.68 staticloc000 76
1245625636.79 staticloc000 89
1245625636.9 staticloc000 87
1245625637.01 staticloc000 89
1245625637.12 staticloc000 80
1245625637.25 staticloc000 89
1245625637.36 staticloc000 80
1245625637.48 staticloc000 88
1245625637.59 staticloc000 88
1245625637.7 staticloc000 85
1245625637.81 staticloc000 80
1245625637.92 staticloc000 89
1245625638.04 staticloc000 86
1245625638.15 staticloc000 81
1245625638.26 staticloc000 72
1245625638.37 staticloc000 80
1245625638.48 staticloc000 88
1245625638.6 staticloc000 88
1245625638.71 staticloc000 85
1245625638.82 staticloc000 70
1245625638.93 staticloc000 80
1245625639.04 staticloc000 88
1245625639.15 staticloc000 78
1245625639.27 staticloc000 84
1245625639.38 staticloc000 88
1245625639.49 staticloc000 88
1245625639.6 staticloc000 75
1245625639.72 staticloc000 83
1245625639.83 staticloc000 88
1245625639.94 staticloc000 74
1245625640.05 staticloc000 73
1245625640.16 staticloc000 86
1245625640.27 staticloc000 89
1245625640.39 staticloc000 89
1245625640.5 staticloc000 87
1245625640.61 staticloc000 73
1245625640.72 staticloc000 80
1245625640.84 staticloc000 83
1245625640.95 staticloc000 89
1245625641.06 staticloc000 90
1245625641.17 staticloc000 89
1245625641.28 staticloc000 88
1245625641.4 staticloc000 87
1245625641.51 staticloc000 89
1245625641.62 staticloc000 81
1245625641.73 staticloc000 81
1245625641.84 staticloc000 89
1245625641.96 staticloc000 73
1245625642.07 staticloc000 88
1245625642.18 staticloc000 84
1245625642.29 staticloc000 90
1245625642.4 staticloc000 76
1245625642.52 staticloc000 85
1245625642.63 staticloc000 89
1245625642.74 staticloc000 77
1245625642.85 staticloc000 76
1245625642.96 staticloc000 88
1245625643.08 staticloc000 90
1245625643.19 staticloc000 89
1245625643.3 staticloc000 88
1245625643.41 staticloc000 75
1245625643.52 staticloc000 81
1245625643.64 staticloc000 83
1245625643.75 staticloc000 89
1245625643.86 staticloc000 89
1245625643.97 staticloc000 89
