## Player version 2.1.2 
## File version 0.3.0 
## Format: 
## - Messages are newline-separated
## - Common header to each message is:
##   time     host   robot  interface index  type   subtype
##   (double) (uint) (uint) (string)  (uint) (uint) (uint)
## - Following the common header is the message payload 
1248122078.836 16777343 6665 position2d 01 004 001 +00.000 +00.000 +0.000 +00.010 +00.010
1248122078.624 16777343 6665 position2d 01 001 001 +00.786 -00.101 +0.045 +00.000 +00.000 +00.000 0
1248122079.064 16777343 6665 position2d 01 001 001 +00.786 -00.101 +0.045 +00.000 +00.000 +00.000 0
1248122079.291 16777343 6665 position2d 01 001 001 +00.786 -00.101 +0.045 +00.000 +00.000 +00.000 0
1248122079.512 16777343 6665 position2d 01 001 001 +00.786 -00.101 +0.045 +00.000 +00.000 +00.000 0
1248122079.740 16777343 6665 position2d 01 001 001 +00.786 -00.101 +0.045 +00.000 +00.000 +00.000 0
1248122079.965 16777343 6665 position2d 01 001 001 +00.786 -00.101 +0.045 +00.000 +00.000 +00.000 0
1248122080.188 16777343 6665 position2d 01 001 001 +00.786 -00.101 +0.045 +00.000 +00.000 +00.000 0
1248122080.412 16777343 6665 position2d 01 001 001 +00.786 -00.101 +0.045 +00.000 +00.000 +00.000 0
1248122080.624 16777343 6665 position2d 01 001 001 +00.786 -00.101 +0.045 +00.000 +00.000 +00.000 0
1248122080.852 16777343 6665 position2d 01 001 001 +00.786 -00.101 +0.045 +00.000 +00.000 +00.000 0
1248122081.072 16777343 6665 position2d 01 001 001 +00.786 -00.101 +0.045 +00.000 +00.000 +00.000 0
1248122081.285 16777343 6665 position2d 01 001 001 +00.786 -00.101 +0.045 +00.000 +00.000 +00.000 0
1248122081.518 16777343 6665 position2d 01 001 001 +00.786 -00.101 +0.045 +00.000 +00.000 +00.000 0
1248122081.736 16777343 6665 position2d 01 001 001 +00.786 -00.101 +0.045 +00.000 +00.000 +00.000 0
1248122081.960 16777343 6665 position2d 01 001 001 +00.786 -00.101 +0.045 +00.000 +00.000 +00.000 0
1248122082.184 16777343 6665 position2d 01 001 001 +00.786 -00.101 +0.045 +00.000 +00.000 +00.000 0
1248122082.396 16777343 6665 position2d 01 001 001 +00.786 -00.101 +0.045 +00.000 +00.000 +00.000 0
1248122082.620 16777343 6665 position2d 01 001 001 +00.786 -00.101 +0.045 +00.000 +00.000 +00.000 0
1248122082.832 16777343 6665 position2d 01 001 001 +00.786 -00.101 +0.045 +00.000 +00.000 +00.000 0
1248122083.056 16777343 6665 position2d 01 001 001 +00.786 -00.101 +0.045 +00.000 +00.000 +00.000 0
1248122083.280 16777343 6665 position2d 01 001 001 +00.786 -00.101 +0.045 +00.000 +00.000 +00.000 0
1248122083.492 16777343 6665 position2d 01 001 001 +00.786 -00.101 +0.045 +00.000 +00.000 +00.000 0
1248122083.716 16777343 6665 position2d 01 001 001 +00.786 -00.101 +0.045 +00.000 +00.000 +00.000 0
1248122083.941 16777343 6665 position2d 01 001 001 +00.831 -00.100 +0.038 +00.000 +00.000 +00.000 0
1248122084.156 16777343 6665 position2d 01 001 001 +00.905 -00.099 +0.014 +00.000 +00.000 +00.000 0
1248122084.378 16777343 6665 position2d 01 001 001 +02.054 -00.250 -0.043 +00.000 +00.000 +00.000 0
1248122084.588 16777343 6665 position2d 01 001 001 +02.138 -00.255 -0.059 +00.000 +00.000 +00.000 0
1248122084.812 16777343 6665 position2d 01 001 001 +02.232 -00.261 -0.059 +00.000 +00.000 +00.000 0
1248122085.024 16777343 6665 position2d 01 001 001 +02.510 -00.238 -0.057 +00.000 +00.000 +00.000 0
1248122085.908 16777343 6665 position2d 01 001 001 +02.914 -00.360 +0.124 +00.000 +00.000 +00.000 0
1248122086.344 16777343 6665 position2d 01 001 001 +03.083 -00.342 +0.101 +00.000 +00.000 +00.000 0
1248122086.556 16777343 6665 position2d 01 001 001 +03.299 -00.359 +0.180 +00.000 +00.000 +00.000 0
1248122086.992 16777343 6665 position2d 01 001 001 +03.481 -00.326 +0.180 +00.000 +00.000 +00.000 0
1248122087.216 16777343 6665 position2d 01 001 001 +03.653 -00.308 +0.096 +00.000 +00.000 +00.000 0
1248122087.444 16777343 6665 position2d 01 001 001 +03.735 -00.298 +0.112 +00.000 +00.000 +00.000 0
1248122087.668 16777343 6665 position2d 01 001 001 +03.826 -00.287 +0.119 +00.000 +00.000 +00.000 0
1248122087.892 16777343 6665 position2d 01 001 001 +03.943 -00.269 +0.100 +00.000 +00.000 +00.000 0
1248122088.116 16777343 6665 position2d 01 001 001 +04.039 -00.259 +0.100 +00.000 +00.000 +00.000 0
1248122088.328 16777343 6665 position2d 01 001 001 +04.129 -00.250 +0.100 +00.000 +00.000 +00.000 0
1248122088.552 16777343 6665 position2d 01 001 001 +04.207 -00.240 +0.053 +00.000 +00.000 +00.000 0
1248122088.764 16777343 6665 position2d 01 001 001 +04.291 -00.236 +0.037 +00.000 +00.000 +00.000 0
1248122088.988 16777343 6665 position2d 01 001 001 +04.374 -00.235 +0.014 +00.000 +00.000 +00.000 0
1248122089.212 16777343 6665 position2d 01 001 001 +04.468 -00.232 -0.008 +00.000 +00.000 +00.000 0
1248122089.424 16777343 6665 position2d 01 001 001 +04.553 -00.233 -0.008 +00.000 +00.000 +00.000 0
1248122089.648 16777343 6665 position2d 01 001 001 +04.631 -00.233 +0.008 +00.000 +00.000 +00.000 0
1248122089.860 16777343 6665 position2d 01 001 001 +04.666 -00.221 +0.033 +00.000 +00.000 +00.000 0
1248122090.084 16777343 6665 position2d 01 001 001 +04.756 -00.216 +0.056 +00.000 +00.000 +00.000 0
1248122090.298 16777343 6665 position2d 01 001 001 +04.844 -00.211 +0.064 +00.000 +00.000 +00.000 0
1248122090.521 16777343 6665 position2d 01 001 001 +04.925 -00.201 +0.070 +00.000 +00.000 +00.000 0
1248122090.744 16777343 6665 position2d 01 001 001 +05.011 -00.196 +0.062 +00.000 +00.000 +00.000 0
1248122090.956 16777343 6665 position2d 01 001 001 +05.093 -00.192 +0.047 +00.000 +00.000 +00.000 0
1248122091.180 16777343 6665 position2d 01 001 001 +05.189 -00.186 +0.026 +00.000 +00.000 +00.000 0
1248122091.392 16777343 6665 position2d 01 001 001 +05.269 -00.185 +0.010 +00.000 +00.000 +00.000 0
1248122091.616 16777343 6665 position2d 01 001 001 +05.362 -00.184 +0.010 +00.000 +00.000 +00.000 0
1248122091.828 16777343 6665 position2d 01 001 001 +05.276 -00.218 -0.069 +00.000 +00.000 +00.000 0
1248122092.052 16777343 6665 position2d 01 001 001 +05.354 -00.223 -0.046 +00.000 +00.000 +00.000 0
1248122092.276 16777343 6665 position2d 01 001 001 +05.428 -00.224 -0.023 +00.000 +00.000 +00.000 0
1248122092.487 16777343 6665 position2d 01 001 001 +05.460 -00.224 -0.059 +00.000 +00.000 +00.000 0
1248122092.712 16777343 6665 position2d 01 001 001 +05.549 -00.229 -0.067 +00.000 +00.000 +00.000 0
1248122092.924 16777343 6665 position2d 01 001 001 +05.618 -00.236 -0.090 +00.000 +00.000 +00.000 0
1248122093.148 16777343 6665 position2d 01 001 001 +05.565 -00.212 -0.059 +00.000 +00.000 +00.000 0
1248122093.360 16777343 6665 position2d 01 001 001 +05.650 -00.217 -0.059 +00.000 +00.000 +00.000 0
1248122093.584 16777343 6665 position2d 01 001 001 +05.736 -00.221 -0.044 +00.000 +00.000 +00.000 0
1248122093.808 16777343 6665 position2d 01 001 001 +05.644 -00.229 -0.065 +00.000 +00.000 +00.000 0
1248122094.020 16777343 6665 position2d 01 001 001 +05.732 -00.234 -0.058 +00.000 +00.000 +00.000 0
1248122094.244 16777343 6665 position2d 01 001 001 +05.826 -00.239 -0.058 +00.000 +00.000 +00.000 0
1248122094.456 16777343 6665 position2d 01 001 001 +05.798 -00.251 -0.096 +00.000 +00.000 +00.000 0
1248122094.680 16777343 6665 position2d 01 001 001 +05.884 -00.261 -0.120 +00.000 +00.000 +00.000 0
1248122094.904 16777343 6665 position2d 01 001 001 +05.976 -00.272 -0.127 +00.000 +00.000 +00.000 0
1248122095.116 16777343 6665 position2d 01 001 001 +06.039 -00.315 -0.215 +00.000 +00.000 +00.000 0
1248122095.340 16777343 6665 position2d 01 001 001 +06.107 -00.328 -0.191 +00.000 +00.000 +00.000 0
1248122095.552 16777343 6665 position2d 01 001 001 +06.168 -00.338 -0.160 +00.000 +00.000 +00.000 0
1248122095.776 16777343 6665 position2d 01 001 001 +06.241 -00.350 -0.193 +00.000 +00.000 +00.000 0
1248122095.988 16777343 6665 position2d 01 001 001 +06.323 -00.365 -0.185 +00.000 +00.000 +00.000 0
1248122096.212 16777343 6665 position2d 01 001 001 +06.419 -00.382 -0.177 +00.000 +00.000 +00.000 0
1248122096.436 16777343 6665 position2d 01 001 001 +06.516 -00.386 -0.181 +00.000 +00.000 +00.000 0
1248122096.648 16777343 6665 position2d 01 001 001 +06.594 -00.402 -0.197 +00.000 +00.000 +00.000 0
1248122096.873 16777343 6665 position2d 01 001 001 +06.683 -00.420 -0.204 +00.000 +00.000 +00.000 0
1248122097.084 16777343 6665 position2d 01 001 001 +06.717 -00.412 -0.148 +00.000 +00.000 +00.000 0
1248122097.308 16777343 6665 position2d 01 001 001 +06.813 -00.427 -0.148 +00.000 +00.000 +00.000 0
1248122097.521 16777343 6665 position2d 01 001 001 +06.900 -00.438 -0.133 +00.000 +00.000 +00.000 0
1248122097.744 16777343 6665 position2d 01 001 001 +06.948 -00.445 -0.146 +00.000 +00.000 +00.000 0
1248122097.968 16777343 6665 position2d 01 001 001 +07.043 -00.459 -0.146 +00.000 +00.000 +00.000 0
1248122098.180 16777343 6665 position2d 01 001 001 +07.126 -00.472 -0.161 +00.000 +00.000 +00.000 0
1248122098.404 16777343 6665 position2d 01 001 001 +07.191 -00.488 -0.211 +00.000 +00.000 +00.000 0
1248122098.616 16777343 6665 position2d 01 001 001 +07.252 -00.502 -0.234 +00.000 +00.000 +00.000 0
1248122098.840 16777343 6665 position2d 01 001 001 +07.314 -00.519 -0.265 +00.000 +00.000 +00.000 0
1248122099.052 16777343 6665 position2d 01 001 001 +07.328 -00.548 -0.362 +00.000 +00.000 +00.000 0
1248122099.276 16777343 6665 position2d 01 001 001 +07.404 -00.579 -0.386 +00.000 +00.000 +00.000 0
1248122099.500 16777343 6665 position2d 01 001 001 +07.475 -00.609 -0.409 +00.000 +00.000 +00.000 0
1248122099.714 16777343 6665 position2d 01 001 001 +07.443 -00.583 -0.472 +00.000 +00.000 +00.000 0
1248122099.936 16777343 6665 position2d 01 001 001 +07.512 -00.620 -0.495 +00.000 +00.000 +00.000 0
1248122100.148 16777343 6665 position2d 01 001 001 +07.576 -00.656 -0.511 +00.000 +00.000 +00.000 0
1248122100.372 16777343 6665 position2d 01 001 001 +07.583 -00.661 -0.551 +00.000 +00.000 +00.000 0
1248122100.596 16777343 6665 position2d 01 001 001 +07.641 -00.699 -0.582 +00.000 +00.000 +00.000 0
1248122100.809 16777343 6665 position2d 01 001 001 +07.707 -00.744 -0.590 +00.000 +00.000 +00.000 0
1248122101.064 16777343 6665 position2d 01 001 001 +07.697 -00.756 -0.629 +00.000 +00.000 +00.000 0
1248122101.289 16777343 6665 position2d 01 001 001 +07.776 -00.813 -0.629 +00.000 +00.000 +00.000 0
1248122101.516 16777343 6665 position2d 01 001 001 +07.851 -00.869 -0.637 +00.000 +00.000 +00.000 0
1248122101.740 16777343 6665 position2d 01 001 001 +07.945 -00.918 -0.588 +00.000 +00.000 +00.000 0
1248122101.963 16777343 6665 position2d 01 001 001 +08.026 -00.972 -0.588 +00.000 +00.000 +00.000 0
1248122102.176 16777343 6665 position2d 01 001 001 +08.098 -01.021 -0.595 +00.000 +00.000 +00.000 0
1248122102.400 16777343 6665 position2d 01 001 001 +08.255 -01.087 -0.558 +00.000 +00.000 +00.000 0
1248122102.624 16777343 6665 position2d 01 001 001 +08.333 -01.137 -0.558 +00.000 +00.000 +00.000 0
1248122102.835 16777343 6665 position2d 01 001 001 +08.411 -01.185 -0.558 +00.000 +00.000 +00.000 0
1248122103.092 16777343 6665 position2d 01 001 001 +08.329 -01.416 -0.613 +00.000 +00.000 +00.000 0
1248122103.320 16777343 6665 position2d 01 001 001 +08.399 -01.469 -0.637 +00.000 +00.000 +00.000 0
1248122103.546 16777343 6665 position2d 01 001 001 +08.472 -01.523 -0.644 +00.000 +00.000 +00.000 0
1248122103.768 16777343 6665 position2d 01 001 001 +08.461 -01.693 -0.685 +00.000 +00.000 +00.000 0
1248122103.993 16777343 6665 position2d 01 001 001 +08.536 -01.755 -0.685 +00.000 +00.000 +00.000 0
1248122104.216 16777343 6665 position2d 01 001 001 +08.607 -01.815 -0.693 +00.000 +00.000 +00.000 0
1248122104.429 16777343 6665 position2d 01 001 001 +08.679 -01.892 -0.684 +00.000 +00.000 +00.000 0
1248122104.653 16777343 6665 position2d 01 001 001 +08.753 -01.952 -0.684 +00.000 +00.000 +00.000 0
1248122104.877 16777343 6665 position2d 01 001 001 +08.823 -02.012 -0.700 +00.000 +00.000 +00.000 0
1248122105.088 16777343 6665 position2d 01 001 001 +08.890 -02.076 -0.686 +00.000 +00.000 +00.000 0
1248122105.316 16777343 6665 position2d 01 001 001 +08.963 -02.136 -0.686 +00.000 +00.000 +00.000 0
1248122105.538 16777343 6665 position2d 01 001 001 +09.035 -02.193 -0.678 +00.000 +00.000 +00.000 0
1248122105.769 16777343 6665 position2d 01 001 001 +09.132 -02.268 -0.629 +00.000 +00.000 +00.000 0
1248122106.014 16777343 6665 position2d 01 001 001 +09.217 -02.331 -0.637 +00.000 +00.000 +00.000 0
1248122106.238 16777343 6665 position2d 01 001 001 +09.292 -02.387 -0.645 +00.000 +00.000 +00.000 0
1248122106.484 16777343 6665 position2d 01 001 001 +09.379 -02.454 -0.625 +00.000 +00.000 +00.000 0
1248122106.696 16777343 6665 position2d 01 001 001 +09.444 -02.502 -0.633 +00.000 +00.000 +00.000 0
1248122106.920 16777343 6665 position2d 01 001 001 +09.492 -02.535 -0.609 +00.000 +00.000 +00.000 0
1248122107.144 16777343 6665 position2d 01 001 001 +09.534 -02.563 -0.571 +00.000 +00.000 +00.000 0
1248122107.357 16777343 6665 position2d 01 001 001 +09.587 -02.592 -0.491 +00.000 +00.000 +00.000 0
1248122107.586 16777343 6665 position2d 01 001 001 +09.638 -02.623 -0.530 +00.000 +00.000 +00.000 0
1248122107.810 16777343 6665 position2d 01 001 001 +09.703 -02.661 -0.545 +00.000 +00.000 +00.000 0
1248122108.033 16777343 6665 position2d 01 001 001 +09.752 -02.694 -0.584 +00.000 +00.000 +00.000 0
1248122108.256 16777343 6665 position2d 01 001 001 +09.762 -02.709 -0.671 +00.000 +00.000 +00.000 0
1248122108.468 16777343 6665 position2d 01 001 001 +09.817 -02.755 -0.686 +00.000 +00.000 +00.000 0
1248122108.692 16777343 6665 position2d 01 001 001 +09.887 -02.812 -0.686 +00.000 +00.000 +00.000 0
1248122108.915 16777343 6665 position2d 01 001 001 +09.940 -02.868 -0.724 +00.000 +00.000 +00.000 0
1248122109.132 16777343 6665 position2d 01 001 001 +10.012 -02.928 -0.708 +00.000 +00.000 +00.000 0
1248122109.356 16777343 6665 position2d 01 001 001 +10.084 -02.990 -0.701 +00.000 +00.000 +00.000 0
1248122109.580 16777343 6665 position2d 01 001 001 +10.087 -02.996 -0.693 +00.000 +00.000 +00.000 0
1248122109.806 16777343 6665 position2d 01 001 001 +10.147 -03.048 -0.709 +00.000 +00.000 +00.000 0
1248122110.028 16777343 6665 position2d 01 001 001 +10.206 -03.100 -0.724 +00.000 +00.000 +00.000 0
1248122110.240 16777343 6665 position2d 01 001 001 +10.213 -03.126 -0.771 +00.000 +00.000 +00.000 0
1248122110.468 16777343 6665 position2d 01 001 001 +10.282 -03.191 -0.763 +00.000 +00.000 +00.000 0
1248122110.692 16777343 6665 position2d 01 001 001 +10.350 -03.256 -0.756 +00.000 +00.000 +00.000 0
1248122110.916 16777343 6665 position2d 01 001 001 +10.388 -03.292 -0.695 +00.000 +00.000 +00.000 0
1248122111.140 16777343 6665 position2d 01 001 001 +10.462 -03.354 -0.695 +00.000 +00.000 +00.000 0
1248122111.368 16777343 6665 position2d 01 001 001 +10.533 -03.414 -0.703 +00.000 +00.000 +00.000 0
1248122111.592 16777343 6665 position2d 01 001 001 +10.559 -03.419 -0.686 +00.000 +00.000 +00.000 0
1248122111.816 16777343 6665 position2d 01 001 001 +10.619 -03.470 -0.709 +00.000 +00.000 +00.000 0
1248122112.025 16777343 6665 position2d 01 001 001 +10.682 -03.524 -0.709 +00.000 +00.000 +00.000 0
1248122112.236 16777343 6665 position2d 01 001 001 +10.638 -03.498 -0.691 +00.000 +00.000 +00.000 0
1248122112.448 16777343 6665 position2d 01 001 001 +10.710 -03.557 -0.691 +00.000 +00.000 +00.000 0
1248122112.672 16777343 6665 position2d 01 001 001 +10.782 -03.617 -0.699 +00.000 +00.000 +00.000 0
1248122112.884 16777343 6665 position2d 01 001 001 +10.771 -03.619 -0.707 +00.000 +00.000 +00.000 0
1248122113.109 16777343 6665 position2d 01 001 001 +10.841 -03.679 -0.714 +00.000 +00.000 +00.000 0
1248122113.332 16777343 6665 position2d 01 001 001 +10.908 -03.740 -0.730 +00.000 +00.000 +00.000 0
1248122113.547 16777343 6665 position2d 01 001 001 +10.959 -03.794 -0.751 +00.000 +00.000 +00.000 0
1248122113.772 16777343 6665 position2d 01 001 001 +11.029 -03.859 -0.751 +00.000 +00.000 +00.000 0
1248122113.996 16777343 6665 position2d 01 001 001 +11.098 -03.922 -0.736 +00.000 +00.000 +00.000 0
1248122114.220 16777343 6665 position2d 01 001 001 +11.125 -03.975 -0.792 +00.000 +00.000 +00.000 0
1248122114.444 16777343 6665 position2d 01 001 001 +11.192 -04.041 -0.792 +00.000 +00.000 +00.000 0
1248122114.653 16777343 6665 position2d 01 001 001 +11.246 -04.099 -0.807 +00.000 +00.000 +00.000 0
1248122114.864 16777343 6665 position2d 01 001 001 +11.258 -04.122 -0.861 +00.000 +00.000 +00.000 0
1248122115.100 16777343 6665 position2d 01 001 001 +11.313 -04.186 -0.869 +00.000 +00.000 +00.000 0
1248122115.318 16777343 6665 position2d 01 001 001 +11.373 -04.258 -0.869 +00.000 +00.000 +00.000 0
1248122115.549 16777343 6665 position2d 01 001 001 +11.365 -04.266 -0.895 +00.000 +00.000 +00.000 0
1248122115.767 16777343 6665 position2d 01 001 001 +11.404 -04.311 -0.864 +00.000 +00.000 +00.000 0
1248122115.995 16777343 6665 position2d 01 001 001 +11.441 -04.351 -0.825 +00.000 +00.000 +00.000 0
1248122116.216 16777343 6665 position2d 01 001 001 +11.487 -04.399 -0.794 +00.000 +00.000 +00.000 0
1248122116.428 16777343 6665 position2d 01 001 001 +11.555 -04.442 -0.678 +00.000 +00.000 +00.000 0
1248122116.652 16777343 6665 position2d 01 001 001 +11.626 -04.497 -0.662 +00.000 +00.000 +00.000 0
1248122116.876 16777343 6665 position2d 01 001 001 +11.700 -04.552 -0.639 +00.000 +00.000 +00.000 0
1248122117.103 16777343 6665 position2d 01 001 001 +11.711 -04.543 -0.648 +00.000 +00.000 +00.000 0
1248122117.340 16777343 6665 position2d 01 001 001 +11.789 -04.602 -0.648 +00.000 +00.000 +00.000 0
1248122117.556 16777343 6665 position2d 01 001 001 +11.867 -04.660 -0.648 +00.000 +00.000 +00.000 0
1248122117.780 16777343 6665 position2d 01 001 001 +11.916 -04.669 -0.570 +00.000 +00.000 +00.000 0
1248122118.005 16777343 6665 position2d 01 001 001 +11.998 -04.722 -0.570 +00.000 +00.000 +00.000 0
1248122118.228 16777343 6665 position2d 01 001 001 +12.082 -04.775 -0.562 +00.000 +00.000 +00.000 0
1248122118.440 16777343 6665 position2d 01 001 001 +12.075 -04.748 -0.489 +00.000 +00.000 +00.000 0
1248122118.668 16777343 6665 position2d 01 001 001 +12.155 -04.788 -0.473 +00.000 +00.000 +00.000 0
1248122118.892 16777343 6665 position2d 01 001 001 +12.237 -04.828 -0.450 +00.000 +00.000 +00.000 0
1248122119.116 16777343 6665 position2d 01 001 001 +12.253 -04.800 -0.372 +00.000 +00.000 +00.000 0
1248122119.340 16777343 6665 position2d 01 001 001 +12.340 -04.835 -0.380 +00.000 +00.000 +00.000 0
1248122119.565 16777343 6665 position2d 01 001 001 +12.416 -04.867 -0.403 +00.000 +00.000 +00.000 0
1248122119.792 16777343 6665 position2d 01 001 001 +12.452 -04.868 -0.385 +00.000 +00.000 +00.000 0
1248122120.016 16777343 6665 position2d 01 001 001 +12.528 -04.898 -0.377 +00.000 +00.000 +00.000 0
1248122120.244 16777343 6665 position2d 01 001 001 +12.584 -04.918 -0.346 +00.000 +00.000 +00.000 0
1248122120.466 16777343 6665 position2d 01 001 001 +12.637 -04.935 -0.307 +00.000 +00.000 +00.000 0
1248122120.676 16777343 6665 position2d 01 001 001 +12.715 -04.953 -0.254 +00.000 +00.000 +00.000 0
1248122120.888 16777343 6665 position2d 01 001 001 +12.795 -04.974 -0.246 +00.000 +00.000 +00.000 0
1248122121.112 16777343 6665 position2d 01 001 001 +12.889 -04.996 -0.239 +00.000 +00.000 +00.000 0
1248122121.322 16777343 6665 position2d 01 001 001 +12.964 -04.989 -0.175 +00.000 +00.000 +00.000 0
1248122121.532 16777343 6665 position2d 01 001 001 +13.055 -05.005 -0.175 +00.000 +00.000 +00.000 0
1248122121.744 16777343 6665 position2d 01 001 001 +13.144 -05.020 -0.167 +00.000 +00.000 +00.000 0
1248122121.971 16777343 6665 position2d 01 001 001 +13.204 -05.008 -0.121 +00.000 +00.000 +00.000 0
1248122122.199 16777343 6665 position2d 01 001 001 +13.301 -05.020 -0.121 +00.000 +00.000 +00.000 0
1248122122.417 16777343 6665 position2d 01 001 001 +13.398 -05.032 -0.121 +00.000 +00.000 +00.000 0
1248122122.629 16777343 6665 position2d 01 001 001 +13.451 -05.028 -0.098 +00.000 +00.000 +00.000 0
1248122122.843 16777343 6665 position2d 01 001 001 +13.543 -05.037 -0.098 +00.000 +00.000 +00.000 0
1248122123.064 16777343 6665 position2d 01 001 001 +13.639 -05.047 -0.091 +00.000 +00.000 +00.000 0
1248122123.275 16777343 6665 position2d 01 001 001 +13.693 -05.042 -0.058 +00.000 +00.000 +00.000 0
1248122123.488 16777343 6665 position2d 01 001 001 +13.786 -05.046 -0.050 +00.000 +00.000 +00.000 0
1248122123.712 16777343 6665 position2d 01 001 001 +13.883 -05.051 -0.050 +00.000 +00.000 +00.000 0
1248122123.936 16777343 6665 position2d 01 001 001 +13.998 -05.049 -0.019 +00.000 +00.000 +00.000 0
1248122124.148 16777343 6665 position2d 01 001 001 +14.090 -05.050 -0.011 +00.000 +00.000 +00.000 0
1248122124.372 16777343 6665 position2d 01 001 001 +14.189 -05.051 -0.004 +00.000 +00.000 +00.000 0
1248122124.596 16777343 6665 position2d 01 001 001 +14.265 -05.046 +0.017 +00.000 +00.000 +00.000 0
1248122124.806 16777343 6665 position2d 01 001 001 +14.355 -05.044 +0.025 +00.000 +00.000 +00.000 0
1248122125.019 16777343 6665 position2d 01 001 001 +14.442 -05.039 +0.048 +00.000 +00.000 +00.000 0
1248122125.241 16777343 6665 position2d 01 001 001 +14.493 -05.026 +0.108 +00.000 +00.000 +00.000 0
1248122125.452 16777343 6665 position2d 01 001 001 +14.551 -05.019 +0.139 +00.000 +00.000 +00.000 0
1248122125.680 16777343 6665 position2d 01 001 001 +14.605 -05.009 +0.178 +00.000 +00.000 +00.000 0
1248122125.920 16777343 6665 position2d 01 001 001 +14.653 -04.998 +0.225 +00.000 +00.000 +00.000 0
1248122126.154 16777343 6665 position2d 01 001 001 +14.688 -04.987 +0.287 +00.000 +00.000 +00.000 0
1248122126.368 16777343 6665 position2d 01 001 001 +14.692 -04.983 +0.511 +00.000 +00.000 +00.000 0
1248122126.608 16777343 6665 position2d 01 001 001 +14.716 -04.967 +0.580 +00.000 +00.000 +00.000 0
1248122126.820 16777343 6665 position2d 01 001 001 +14.742 -04.946 +0.658 +00.000 +00.000 +00.000 0
1248122127.044 16777343 6665 position2d 01 001 001 +14.773 -04.919 +0.712 +00.000 +00.000 +00.000 0
1248122127.260 16777343 6665 position2d 01 001 001 +14.820 -04.877 +0.735 +00.000 +00.000 +00.000 0
1248122127.483 16777343 6665 position2d 01 001 001 +14.853 -04.820 +0.888 +00.000 +00.000 +00.000 0
1248122127.708 16777343 6665 position2d 01 001 001 +14.902 -04.762 +0.865 +00.000 +00.000 +00.000 0
1248122127.930 16777343 6665 position2d 01 001 001 +14.946 -04.714 +0.834 +00.000 +00.000 +00.000 0
1248122128.140 16777343 6665 position2d 01 001 001 +14.947 -04.609 +1.026 +00.000 +00.000 +00.000 0
1248122128.352 16777343 6665 position2d 01 001 001 +14.989 -04.543 +1.010 +00.000 +00.000 +00.000 0
1248122128.576 16777343 6665 position2d 01 001 001 +15.037 -04.464 +1.018 +00.000 +00.000 +00.000 0
1248122128.802 16777343 6665 position2d 01 001 001 +15.080 -04.365 +1.088 +00.000 +00.000 +00.000 0
1248122129.018 16777343 6665 position2d 01 001 001 +15.119 -04.288 +1.096 +00.000 +00.000 +00.000 0
1248122129.241 16777343 6665 position2d 01 001 001 +15.164 -04.201 +1.096 +00.000 +00.000 +00.000 0
1248122129.464 16777343 6665 position2d 01 001 001 +15.229 -04.064 +1.113 +00.000 +00.000 +00.000 0
1248122129.688 16777343 6665 position2d 01 001 001 +15.272 -03.977 +1.113 +00.000 +00.000 +00.000 0
1248122129.904 16777343 6665 position2d 01 001 001 +15.312 -03.895 +1.113 +00.000 +00.000 +00.000 0
1248122130.145 16777343 6665 position2d 01 001 001 +15.357 -03.787 +1.103 +00.000 +00.000 +00.000 0
1248122130.364 16777343 6665 position2d 01 001 001 +15.402 -03.702 +1.087 +00.000 +00.000 +00.000 0
1248122130.588 16777343 6665 position2d 01 001 001 +15.445 -03.623 +1.072 +00.000 +00.000 +00.000 0
1248122130.800 16777343 6665 position2d 01 001 001 +15.491 -03.541 +0.989 +00.000 +00.000 +00.000 0
1248122131.054 16777343 6665 position2d 01 001 001 +15.539 -03.466 +1.004 +00.000 +00.000 +00.000 0
1248122131.281 16777343 6665 position2d 01 001 001 +15.580 -03.399 +1.028 +00.000 +00.000 +00.000 0
1248122131.504 16777343 6665 position2d 01 001 001 +15.630 -03.303 +1.026 +00.000 +00.000 +00.000 0
1248122131.716 16777343 6665 position2d 01 001 001 +15.676 -03.229 +1.019 +00.000 +00.000 +00.000 0
1248122131.940 16777343 6665 position2d 01 001 001 +15.725 -03.151 +1.011 +00.000 +00.000 +00.000 0
1248122132.152 16777343 6665 position2d 01 001 001 +15.788 -03.048 +0.980 +00.000 +00.000 +00.000 0
1248122132.376 16777343 6665 position2d 01 001 001 +15.836 -02.976 +0.980 +00.000 +00.000 +00.000 0
1248122132.588 16777343 6665 position2d 01 001 001 +15.883 -02.906 +0.988 +00.000 +00.000 +00.000 0
1248122132.828 16777343 6665 position2d 01 001 001 +15.900 -02.859 +0.998 +00.000 +00.000 +00.000 0
1248122133.052 16777343 6665 position2d 01 001 001 +15.954 -02.775 +1.006 +00.000 +00.000 +00.000 0
1248122133.264 16777343 6665 position2d 01 001 001 +16.000 -02.701 +0.998 +00.000 +00.000 +00.000 0
1248122133.488 16777343 6665 position2d 01 001 001 +16.043 -02.608 +1.057 +00.000 +00.000 +00.000 0
1248122133.714 16777343 6665 position2d 01 001 001 +16.091 -02.522 +1.065 +00.000 +00.000 +00.000 0
1248122133.940 16777343 6665 position2d 01 001 001 +16.135 -02.438 +1.081 +00.000 +00.000 +00.000 0
1248122134.164 16777343 6665 position2d 01 001 001 +16.145 -02.369 +1.168 +00.000 +00.000 +00.000 0
1248122134.388 16777343 6665 position2d 01 001 001 +16.181 -02.280 +1.176 +00.000 +00.000 +00.000 0
1248122134.600 16777343 6665 position2d 01 001 001 +16.215 -02.201 +1.168 +00.000 +00.000 +00.000 0
1248122134.824 16777343 6665 position2d 01 001 001 +16.242 -02.110 +1.216 +00.000 +00.000 +00.000 0
1248122135.036 16777343 6665 position2d 01 001 001 +16.273 -02.024 +1.216 +00.000 +00.000 +00.000 0
1248122135.261 16777343 6665 position2d 01 001 001 +16.307 -01.935 +1.216 +00.000 +00.000 +00.000 0
1248122135.502 16777343 6665 position2d 01 001 001 +16.343 -01.846 +1.233 +00.000 +00.000 +00.000 0
1248122135.728 16777343 6665 position2d 01 001 001 +16.375 -01.750 +1.241 +00.000 +00.000 +00.000 0
1248122135.952 16777343 6665 position2d 01 001 001 +16.405 -01.660 +1.256 +00.000 +00.000 +00.000 0
1248122136.176 16777343 6665 position2d 01 001 001 +16.397 -01.629 +1.253 +00.000 +00.000 +00.000 0
1248122136.400 16777343 6665 position2d 01 001 001 +16.426 -01.544 +1.246 +00.000 +00.000 +00.000 0
1248122136.626 16777343 6665 position2d 01 001 001 +16.454 -01.457 +1.253 +00.000 +00.000 +00.000 0
1248122136.852 16777343 6665 position2d 01 001 001 +16.494 -01.325 +1.281 +00.000 +00.000 +00.000 0
1248122137.076 16777343 6665 position2d 01 001 001 +16.520 -01.239 +1.266 +00.000 +00.000 +00.000 0
1248122137.288 16777343 6665 position2d 01 001 001 +16.542 -01.177 +1.235 +00.000 +00.000 +00.000 0
1248122137.512 16777343 6665 position2d 01 001 001 +16.599 -01.057 +1.188 +00.000 +00.000 +00.000 0
1248122137.723 16777343 6665 position2d 01 001 001 +16.632 -00.972 +1.195 +00.000 +00.000 +00.000 0
1248122137.948 16777343 6665 position2d 01 001 001 +16.668 -00.880 +1.203 +00.000 +00.000 +00.000 0
1248122138.158 16777343 6665 position2d 01 001 001 +16.694 -00.823 +1.184 +00.000 +00.000 +00.000 0
1248122138.368 16777343 6665 position2d 01 001 001 +16.723 -00.753 +1.184 +00.000 +00.000 +00.000 0
1248122138.580 16777343 6665 position2d 01 001 001 +16.755 -00.671 +1.192 +00.000 +00.000 +00.000 0
1248122138.805 16777343 6665 position2d 01 001 001 +16.790 -00.589 +1.169 +00.000 +00.000 +00.000 0
1248122139.032 16777343 6665 position2d 01 001 001 +16.816 -00.534 +1.130 +00.000 +00.000 +00.000 0
1248122139.256 16777343 6665 position2d 01 001 001 +16.851 -00.460 +1.122 +00.000 +00.000 +00.000 0
1248122139.480 16777343 6665 position2d 01 001 001 +16.890 -00.391 +1.110 +00.000 +00.000 +00.000 0
1248122139.692 16777343 6665 position2d 01 001 001 +16.928 -00.314 +1.102 +00.000 +00.000 +00.000 0
1248122139.916 16777343 6665 position2d 01 001 001 +16.963 -00.249 +1.087 +00.000 +00.000 +00.000 0
1248122140.145 16777343 6665 position2d 01 001 001 +17.002 -00.190 +1.045 +00.000 +00.000 +00.000 0
1248122140.380 16777343 6665 position2d 01 001 001 +17.043 -00.120 +1.038 +00.000 +00.000 +00.000 0
1248122140.592 16777343 6665 position2d 01 001 001 +17.088 -00.045 +1.038 +00.000 +00.000 +00.000 0
1248122140.816 16777343 6665 position2d 01 001 001 +17.138 +00.034 +1.032 +00.000 +00.000 +00.000 0
1248122141.044 16777343 6665 position2d 01 001 001 +17.166 +00.085 +1.063 +00.000 +00.000 +00.000 0
1248122141.268 16777343 6665 position2d 01 001 001 +17.197 +00.144 +1.086 +00.000 +00.000 +00.000 0
1248122141.492 16777343 6665 position2d 01 001 001 +17.202 +00.170 +1.162 +00.000 +00.000 +00.000 0
1248122141.720 16777343 6665 position2d 01 001 001 +17.230 +00.227 +1.131 +00.000 +00.000 +00.000 0
1248122141.944 16777343 6665 position2d 01 001 001 +17.265 +00.303 +1.131 +00.000 +00.000 +00.000 0
1248122142.168 16777343 6665 position2d 01 001 001 +17.302 +00.387 +1.152 +00.000 +00.000 +00.000 0
1248122142.384 16777343 6665 position2d 01 001 001 +17.338 +00.467 +1.160 +00.000 +00.000 +00.000 0
1248122142.604 16777343 6665 position2d 01 001 001 +17.368 +00.531 +1.129 +00.000 +00.000 +00.000 0
1248122142.816 16777343 6665 position2d 01 001 001 +17.398 +00.590 +1.115 +00.000 +00.000 +00.000 0
1248122143.040 16777343 6665 position2d 01 001 001 +17.439 +00.677 +1.123 +00.000 +00.000 +00.000 0
1248122143.264 16777343 6665 position2d 01 001 001 +17.480 +00.763 +1.123 +00.000 +00.000 +00.000 0
1248122143.476 16777343 6665 position2d 01 001 001 +17.541 +00.881 +1.115 +00.000 +00.000 +00.000 0
1248122143.704 16777343 6665 position2d 01 001 001 +17.582 +00.965 +1.115 +00.000 +00.000 +00.000 0
1248122143.931 16777343 6665 position2d 01 001 001 +17.624 +01.049 +1.115 +00.000 +00.000 +00.000 0
1248122144.153 16777343 6665 position2d 01 001 001 +17.674 +01.152 +1.128 +00.000 +00.000 +00.000 0
1248122144.376 16777343 6665 position2d 01 001 001 +17.714 +01.234 +1.121 +00.000 +00.000 +00.000 0
1248122144.600 16777343 6665 position2d 01 001 001 +17.756 +01.320 +1.121 +00.000 +00.000 +00.000 0
1248122144.816 16777343 6665 position2d 01 001 001 +17.790 +01.389 +1.133 +00.000 +00.000 +00.000 0
1248122145.044 16777343 6665 position2d 01 001 001 +17.833 +01.478 +1.133 +00.000 +00.000 +00.000 0
1248122145.272 16777343 6665 position2d 01 001 001 +17.873 +01.564 +1.133 +00.000 +00.000 +00.000 0
1248122145.490 16777343 6665 position2d 01 001 001 +17.916 +01.654 +1.137 +00.000 +00.000 +00.000 0
1248122145.715 16777343 6665 position2d 01 001 001 +17.958 +01.742 +1.137 +00.000 +00.000 +00.000 0
1248122145.952 16777343 6665 position2d 01 001 001 +17.996 +01.825 +1.129 +00.000 +00.000 +00.000 0
1248122146.164 16777343 6665 position2d 01 001 001 +18.003 +01.830 +1.124 +00.000 +00.000 +00.000 0
1248122146.388 16777343 6665 position2d 01 001 001 +18.043 +01.912 +1.124 +00.000 +00.000 +00.000 0
1248122146.600 16777343 6665 position2d 01 001 001 +18.078 +01.988 +1.139 +00.000 +00.000 +00.000 0
1248122146.824 16777343 6665 position2d 01 001 001 +18.115 +02.070 +1.162 +00.000 +00.000 +00.000 0
1248122147.036 16777343 6665 position2d 01 001 001 +18.149 +02.148 +1.169 +00.000 +00.000 +00.000 0
1248122147.260 16777343 6665 position2d 01 001 001 +18.186 +02.237 +1.169 +00.000 +00.000 +00.000 0
1248122147.504 16777343 6665 position2d 01 001 001 +18.209 +02.283 +1.153 +00.000 +00.000 +00.000 0
1248122147.724 16777343 6665 position2d 01 001 001 +18.245 +02.361 +1.130 +00.000 +00.000 +00.000 0
1248122147.936 16777343 6665 position2d 01 001 001 +18.282 +02.438 +1.122 +00.000 +00.000 +00.000 0
1248122148.160 16777343 6665 position2d 01 001 001 +18.293 +02.442 +1.117 +00.000 +00.000 +00.000 0
1248122148.373 16777343 6665 position2d 01 001 001 +18.328 +02.517 +1.132 +00.000 +00.000 +00.000 0
1248122148.596 16777343 6665 position2d 01 001 001 +18.363 +02.594 +1.148 +00.000 +00.000 +00.000 0
1248122148.808 16777343 6665 position2d 01 001 001 +18.447 +02.744 +1.091 +00.000 +00.000 +00.000 0
1248122149.032 16777343 6665 position2d 01 001 001 +18.491 +02.825 +1.083 +00.000 +00.000 +00.000 0
1248122149.256 16777343 6665 position2d 01 001 001 +18.535 +02.909 +1.083 +00.000 +00.000 +00.000 0
1248122149.484 16777343 6665 position2d 01 001 001 +18.598 +03.038 +1.106 +00.000 +00.000 +00.000 0
1248122149.708 16777343 6665 position2d 01 001 001 +18.641 +03.127 +1.113 +00.000 +00.000 +00.000 0
1248122149.932 16777343 6665 position2d 01 001 001 +18.683 +03.210 +1.106 +00.000 +00.000 +00.000 0
1248122150.144 16777343 6665 position2d 01 001 001 +18.687 +03.264 +1.128 +00.000 +00.000 +00.000 0
1248122150.368 16777343 6665 position2d 01 001 001 +18.729 +03.352 +1.128 +00.000 +00.000 +00.000 0
1248122150.596 16777343 6665 position2d 01 001 001 +18.770 +03.441 +1.128 +00.000 +00.000 +00.000 0
1248122150.820 16777343 6665 position2d 01 001 001 +18.830 +03.375 +1.046 +00.000 +00.000 +00.000 0
1248122151.044 16777343 6665 position2d 01 001 001 +18.877 +03.457 +1.046 +00.000 +00.000 +00.000 0
1248122151.256 16777343 6665 position2d 01 001 001 +18.921 +03.533 +1.046 +00.000 +00.000 +00.000 0
1248122151.480 16777343 6665 position2d 01 001 001 +18.949 +03.530 +1.012 +00.000 +00.000 +00.000 0
1248122151.704 16777343 6665 position2d 01 001 001 +18.997 +03.605 +0.997 +00.000 +00.000 +00.000 0
1248122151.916 16777343 6665 position2d 01 001 001 +19.044 +03.679 +0.997 +00.000 +00.000 +00.000 0
1248122152.140 16777343 6665 position2d 01 001 001 +19.088 +03.873 +1.068 +00.000 +00.000 +00.000 0
1248122152.352 16777343 6665 position2d 01 001 001 +19.132 +03.954 +1.068 +00.000 +00.000 +00.000 0
1248122152.576 16777343 6665 position2d 01 001 001 +19.180 +04.039 +1.068 +00.000 +00.000 +00.000 0
1248122152.788 16777343 6665 position2d 01 001 001 +19.199 +04.380 +1.162 +00.000 +00.000 +00.000 0
1248122153.012 16777343 6665 position2d 01 001 001 +19.237 +04.470 +1.162 +00.000 +00.000 +00.000 0
1248122153.236 16777343 6665 position2d 01 001 001 +19.276 +04.560 +1.162 +00.000 +00.000 +00.000 0
1248122153.448 16777343 6665 position2d 01 001 001 +19.295 +04.666 +1.180 +00.000 +00.000 +00.000 0
1248122153.672 16777343 6665 position2d 01 001 001 +19.333 +04.757 +1.180 +00.000 +00.000 +00.000 0
1248122153.884 16777343 6665 position2d 01 001 001 +19.367 +04.840 +1.180 +00.000 +00.000 +00.000 0
1248122154.108 16777343 6665 position2d 01 001 001 +19.409 +04.950 +1.212 +00.000 +00.000 +00.000 0
1248122154.320 16777343 6665 position2d 01 001 001 +19.441 +05.031 +1.204 +00.000 +00.000 +00.000 0
1248122154.544 16777343 6665 position2d 01 001 001 +19.473 +05.118 +1.204 +00.000 +00.000 +00.000 0
1248122154.768 16777343 6665 position2d 01 001 001 +19.526 +05.237 +1.187 +00.000 +00.000 +00.000 0
1248122154.980 16777343 6665 position2d 01 001 001 +19.558 +05.313 +1.171 +00.000 +00.000 +00.000 0
1248122155.204 16777343 6665 position2d 01 001 001 +19.595 +05.399 +1.171 +00.000 +00.000 +00.000 0
1248122155.416 16777343 6665 position2d 01 001 001 +19.643 +05.504 +1.114 +00.000 +00.000 +00.000 0
1248122155.640 16777343 6665 position2d 01 001 001 +19.685 +05.591 +1.114 +00.000 +00.000 +00.000 0
1248122155.864 16777343 6665 position2d 01 001 001 +19.729 +05.678 +1.114 +00.000 +00.000 +00.000 0
1248122156.076 16777343 6665 position2d 01 001 001 +19.761 +05.751 +1.112 +00.000 +00.000 +00.000 0
1248122156.300 16777343 6665 position2d 01 001 001 +19.804 +05.840 +1.120 +00.000 +00.000 +00.000 0
1248122156.514 16777343 6665 position2d 01 001 001 +19.843 +05.921 +1.120 +00.000 +00.000 +00.000 0
1248122156.740 16777343 6665 position2d 01 001 001 +19.851 +05.937 +1.111 +00.000 +00.000 +00.000 0
1248122156.967 16777343 6665 position2d 01 001 001 +19.894 +06.022 +1.111 +00.000 +00.000 +00.000 0
1248122157.188 16777343 6665 position2d 01 001 001 +19.936 +06.110 +1.111 +00.000 +00.000 +00.000 0
1248122157.412 16777343 6665 position2d 01 001 001 +19.898 +06.026 +1.120 +00.000 +00.000 +00.000 0
1248122157.640 16777343 6665 position2d 01 001 001 +19.940 +06.113 +1.120 +00.000 +00.000 +00.000 0
1248122157.864 16777343 6665 position2d 01 001 001 +19.983 +06.203 +1.120 +00.000 +00.000 +00.000 0
1248122158.088 16777343 6665 position2d 01 001 001 +19.999 +06.249 +1.120 +00.000 +00.000 +00.000 0
1248122158.312 16777343 6665 position2d 01 001 001 +20.041 +06.335 +1.120 +00.000 +00.000 +00.000 0
1248122158.527 16777343 6665 position2d 01 001 001 +20.079 +06.412 +1.113 +00.000 +00.000 +00.000 0
1248122158.748 16777343 6665 position2d 01 001 001 +20.076 +06.402 +1.118 +00.000 +00.000 +00.000 0
1248122158.960 16777343 6665 position2d 01 001 001 +20.115 +06.485 +1.125 +00.000 +00.000 +00.000 0
1248122159.184 16777343 6665 position2d 01 001 001 +20.157 +06.572 +1.125 +00.000 +00.000 +00.000 0
1248122159.408 16777343 6665 position2d 01 001 001 +20.147 +06.548 +1.121 +00.000 +00.000 +00.000 0
1248122159.620 16777343 6665 position2d 01 001 001 +20.186 +06.628 +1.121 +00.000 +00.000 +00.000 0
1248122159.844 16777343 6665 position2d 01 001 001 +20.228 +06.717 +1.121 +00.000 +00.000 +00.000 0
1248122160.056 16777343 6665 position2d 01 001 001 +20.249 +06.685 +1.063 +00.000 +00.000 +00.000 0
1248122160.280 16777343 6665 position2d 01 001 001 +20.294 +06.766 +1.063 +00.000 +00.000 +00.000 0
1248122160.492 16777343 6665 position2d 01 001 001 +20.337 +06.843 +1.063 +00.000 +00.000 +00.000 0
1248122160.716 16777343 6665 position2d 01 001 001 +20.335 +06.865 +1.088 +00.000 +00.000 +00.000 0
1248122160.940 16777343 6665 position2d 01 001 001 +20.379 +06.949 +1.103 +00.000 +00.000 +00.000 0
1248122161.152 16777343 6665 position2d 01 001 001 +20.418 +07.029 +1.111 +00.000 +00.000 +00.000 0
