1248122077.507 1 00000000000000000e00114a 83 
1248122077.619 1 00000000000000000e00114a 88 
1248122078.003 1 00000000000000000e00114a 88 
1248122078.131 1 00000000000000000e00114a 81 
1248122078.243 1 00000000000000000e00114a 87 
1248122078.357 1 00000000000000000e00114a 89 
1248122078.531 1 00000000000000000e00114a 80 
1248122078.899 1 00000000000000000e00114a 80 
1248122079.011 1 00000000000000000e00114a 87 
1248122079.123 1 00000000000000000e00114a 86 
1248122079.235 1 00000000000000000e00114a 86 
1248122079.347 1 00000000000000000e00114a 88 
1248122079.587 1 00000000000000000e00114a 86 
1248122079.843 1 00000000000000000e00114a 89 
1248122080.019 1 00000000000000000e00114a 87 
1248122080.131 1 00000000000000000e00114a 85 
1248122080.435 1 00000000000000000e00114a 83 
1248122080.551 1 00000000000000000e00114a 88 
1248122080.723 1 00000000000000000e00114a 88 
1248122080.836 1 00000000000000000e00114a 86 
1248122081.075 1 00000000000000000e00114a 87 
1248122081.187 1 00000000000000000e00114a 86 
1248122081.363 1 00000000000000000e00114a 88 
1248122081.475 1 00000000000000000e00114a 88 
1248122081.587 1 00000000000000000e00114a 79 
1248122081.698 1 00000000000000000e00114a 79 
1248122081.810 1 00000000000000000e00114a 82 
1248122081.922 1 00000000000000000e00114a 86 
1248122082.098 1 00000000000000000e00114a 80 
1248122082.210 1 00000000000000000e00114a 86 
1248122082.322 1 00000000000000000e00114a 88 
1248122082.498 1 00000000000000000e00114a 87 
1248122082.802 1 00000000000000000e00114a 88 
1248122082.914 1 00000000000000000e00114a 81 
1248122083.026 1 00000000000000000e00114a 84 
1248122083.202 1 00000000000000000e00114a 81 
1248122083.314 1 00000000000000000e00114a 88 
1248122083.426 1 00000000000000000e00114a 87 
1248122083.602 1 00000000000000000e00114a 83 
1248122083.842 1 00000000000000000e00114a 89 
1248122084.018 1 00000000000000000e00114a 86 
1248122084.194 1 00000000000000000e00114a 83 
1248122084.306 1 00000000000000000e00114a 88 
1248122084.418 1 00000000000000000e00114a 83 
1248122084.594 1 00000000000000000e00114a 89 
1248122084.706 1 00000000000000000e00114a 88 
1248122084.818 1 00000000000000000e00114a 81 
1248122084.930 1 00000000000000000e00114a 83 
1248122085.042 1 00000000000000000e00114a 84 
1248122085.154 1 00000000000000000e00114a 84 
1248122085.266 1 00000000000000000e00114a 85 
1248122085.378 1 00000000000000000e00114a 80 
1248122085.490 1 00000000000000000e00114a 88 
1248122085.666 1 00000000000000000e00114a 83 
1248122085.778 1 00000000000000000e00114a 80 
1248122085.890 1 00000000000000000e00114a 83 
1248122086.066 1 00000000000000000e00114a 84 
1248122086.306 1 00000000000000000e00114a 84 
1248122086.418 1 00000000000000000e00114a 84 
1248122086.530 1 00000000000000000e00114a 82 
1248122087.729 1 00000000000000000e00114a 83 
1248122087.969 1 00000000000000000f001155 85 
1248122088.401 1 00000000000000000f001155 82 
1248122088.961 1 00000000000000000f001155 83 
1248122089.073 1 00000000000000000f001155 82 
1248122089.313 1 00000000000000000f00114d 83 
1248122089.425 1 00000000000000000f00114d 85 
1248122089.537 1 00000000000000000f00114d 87 
1248122089.713 1 00000000000000000f00114d 84 
1248122089.825 1 00000000000000000f00114d 86 
1248122090.002 1 00000000000000000f00114d 84 
1248122090.113 1 00000000000000000f00114d 84 
1248122090.225 1 00000000000000000f00114d 89 
1248122090.337 1 00000000000000000f00114d 88 
1248122090.449 1 00000000000000000f00114d 89 
1248122090.561 1 00000000000000000f00114d 87 
1248122090.673 1 00000000000000000f00114d 88 
1248122090.785 1 00000000000000000f00114d 86 
1248122090.897 1 00000000000000000f00114d 86 
1248122091.073 1 00000000000000000f00114d 84 
1248122091.186 1 00000000000000000f00114d 83 
1248122091.299 1 00000000000000000f00114d 86 
1248122091.409 1 00000000000000000f00114d 86 
1248122091.521 1 00000000000000000f00114d 88 
1248122091.633 1 00000000000000000f00114d 88 
1248122091.745 1 00000000000000000f00114d 86 
1248122091.857 1 00000000000000000f00114d 85 
1248122091.969 1 00000000000000000f00114d 82 
1248122092.145 1 00000000000000000f00114d 83 
1248122092.385 1 00000000000000000f00114d 83 
1248122092.753 1 00000000000000000f00114d 83 
1248122093.568 1 00000000000000000f00114d 85 
1248122093.744 1 00000000000000000f00114d 82 
1248122093.856 1 00000000000000000e001152 80 
1248122094.096 1 00000000000000000f00114d 84 
1248122094.336 2 00000000000000000f001155 84 00000000000000000e001152 82 
1248122094.448 1 00000000000000000e001152 82 
1248122094.560 1 00000000000000000e001152 81 
1248122094.672 1 00000000000000000e001152 83 
1248122094.848 1 00000000000000000e001152 83 
1248122094.960 1 00000000000000000e001152 80 
1248122095.136 1 00000000000000000f001155 87 
1248122095.248 1 00000000000000000f001155 85 
1248122095.360 2 00000000000000000e001152 83 00000000000000000f001155 82 
1248122095.472 1 00000000000000000e001152 82 
1248122095.648 1 00000000000000000e001152 86 
1248122095.760 1 00000000000000000e001152 82 
1248122095.872 1 00000000000000000e001152 83 
1248122096.048 1 00000000000000000e001152 84 
1248122096.160 1 00000000000000000e001152 85 
1248122096.528 1 00000000000000000e001152 84 
1248122096.640 1 00000000000000000e001152 86 
1248122096.752 1 00000000000000000e001152 79 
1248122096.928 1 00000000000000000e001152 81 
1248122097.104 1 00000000000000000e001152 85 
1248122097.408 1 00000000000000000f001155 86 
1248122097.648 2 00000000000000000e001152 82 00000000000000000f001155 82 
1248122097.760 1 00000000000000000e001152 82 
1248122097.873 2 00000000000000000f001155 89 00000000000000000e001152 85 
1248122098.048 2 00000000000000000e001152 80 00000000000000000f001155 85 
1248122098.160 1 00000000000000000f001155 84 
1248122098.272 1 00000000000000000f001155 83 
1248122098.384 1 00000000000000000f001155 85 
1248122098.496 1 00000000000000000f001155 85 
1248122098.608 1 00000000000000000f001155 88 
1248122098.719 1 00000000000000000f001155 88 
1248122098.831 1 00000000000000000f001155 86 
1248122098.943 1 00000000000000000f001155 92 
1248122099.055 1 00000000000000000f001155 92 
1248122099.167 1 00000000000000000f001155 89 
1248122099.279 1 00000000000000000f001155 90 
1248122099.391 2 00000000000000000e001152 84 00000000000000000f001155 88 
1248122099.503 1 00000000000000000f001155 89 
1248122099.615 1 00000000000000000f001155 91 
1248122099.727 1 00000000000000000f001155 91 
1248122099.839 2 00000000000000000f001155 92 00000000000000000e001152 83 
1248122099.951 2 00000000000000000f001155 89 00000000000000000e001152 82 
1248122100.063 1 00000000000000000f001155 91 
1248122100.175 1 00000000000000000f001155 91 
1248122100.287 1 00000000000000000f001155 92 
1248122100.399 1 00000000000000000f001155 92 
1248122100.511 2 00000000000000000f001155 92 00000000000000000e001152 81 
1248122100.623 1 00000000000000000f001155 94 
1248122100.735 1 00000000000000000f001155 93 
1248122100.847 2 00000000000000000f001155 91 00000000000000000e001152 79 
1248122100.959 1 00000000000000000f001155 97 
1248122101.071 1 00000000000000000f001155 94 
1248122101.183 1 00000000000000000f001155 96 
1248122101.295 1 00000000000000000f001155 93 
1248122101.407 1 00000000000000000f001155 98 
1248122101.519 1 00000000000000000f001155 95 
1248122101.631 1 00000000000000000f001155 94 
1248122101.743 1 00000000000000000f001155 94 
1248122101.855 1 00000000000000000f001155 97 
1248122101.967 1 00000000000000000f001155 98 
1248122102.079 1 00000000000000000f001155 97 
1248122102.191 1 00000000000000000f001155 99 
1248122102.303 1 00000000000000000f001155 96 
1248122102.415 1 00000000000000000f001155 97 
1248122102.527 1 00000000000000000f001155 99 
1248122102.639 1 00000000000000000f001155 102 
1248122102.752 1 00000000000000000f001155 102 
1248122102.863 1 00000000000000000f001155 104 
1248122102.975 1 00000000000000000f001155 102 
1248122103.087 1 00000000000000000f001155 105 
1248122103.200 1 00000000000000000f001155 101 
1248122103.311 1 00000000000000000f001155 105 
1248122103.423 1 00000000000000000f001155 105 
1248122103.535 1 00000000000000000f001155 104 
1248122103.647 1 00000000000000000f001155 104 
1248122103.759 1 00000000000000000f001155 105 
1248122103.878 1 00000000000000000f001155 106 
1248122103.983 1 00000000000000000f001155 105 
1248122104.095 1 00000000000000000f001155 105 
1248122104.207 1 00000000000000000f001155 105 
1248122104.319 1 00000000000000000f001155 105 
1248122104.431 1 00000000000000000f001155 105 
1248122104.542 1 00000000000000000f001155 105 
1248122104.654 1 00000000000000000f001155 106 
1248122104.769 1 00000000000000000f001155 105 
1248122104.878 1 00000000000000000f001155 104 
1248122104.990 1 00000000000000000f001155 105 
1248122105.102 1 00000000000000000f001155 104 
1248122105.214 1 00000000000000000f001155 104 
1248122105.326 1 00000000000000000f001155 104 
1248122105.441 1 00000000000000000f001155 103 
1248122105.550 1 00000000000000000f001155 102 
1248122105.662 1 00000000000000000f001155 100 
1248122105.774 1 00000000000000000f001155 98 
1248122105.900 1 00000000000000000f001155 97 
1248122106.014 1 00000000000000000f001155 100 
1248122106.126 1 00000000000000000f001155 98 
1248122106.238 1 00000000000000000f001155 99 
1248122106.353 1 00000000000000000f001155 98 
1248122106.462 1 00000000000000000f001155 101 
1248122106.576 1 00000000000000000f001155 95 
1248122106.686 2 00000000000000000f001155 97 00000000000000000f001141 82 
1248122106.798 1 00000000000000000f001155 95 
1248122106.910 2 00000000000000000f001155 96 00000000000000000f001141 83 
1248122107.022 1 00000000000000000f001155 95 
1248122107.139 1 00000000000000000f001155 96 
1248122107.246 1 00000000000000000f001155 96 
1248122107.358 1 00000000000000000f001155 92 
1248122107.470 1 00000000000000000f001155 88 
1248122107.582 1 00000000000000000f001155 88 
1248122108.782 1 00000000000000000f001141 80 
1248122109.022 1 00000000000000000e00115a 81 
1248122109.198 2 00000000000000000f001141 83 00000000000000000e00115a 81 
1248122109.314 1 00000000000000000f001141 82 
1248122109.424 1 00000000000000000f001141 85 
1248122109.534 1 00000000000000000f001141 85 
1248122109.646 1 00000000000000000f001141 89 
1248122109.758 1 00000000000000000f001141 88 
1248122109.871 1 00000000000000000f001141 85 
1248122109.982 1 00000000000000000f001141 90 
1248122110.096 1 00000000000000000f001141 89 
1248122110.207 1 00000000000000000f001141 86 
1248122110.320 1 00000000000000000f001141 89 
1248122110.429 1 00000000000000000f001141 90 
1248122110.541 1 00000000000000000f001141 91 
1248122110.653 1 00000000000000000f001141 88 
1248122110.765 1 00000000000000000f001141 92 
1248122110.877 1 00000000000000000f001141 92 
1248122110.989 1 00000000000000000f001141 88 
1248122111.101 1 00000000000000000f001141 90 
1248122111.213 1 00000000000000000f001141 92 
1248122111.330 1 00000000000000000f001141 94 
1248122111.437 1 00000000000000000f001141 93 
1248122111.549 1 00000000000000000f001141 93 
1248122111.662 1 00000000000000000f001141 94 
1248122111.773 1 00000000000000000f001141 95 
1248122111.885 1 00000000000000000f001141 96 
1248122111.997 1 00000000000000000f001141 92 
1248122112.109 1 00000000000000000f001141 94 
1248122112.221 1 00000000000000000f001141 97 
1248122112.333 1 00000000000000000f001141 88 
1248122112.445 1 00000000000000000f001141 93 
1248122112.557 1 00000000000000000f001141 93 
1248122112.669 1 00000000000000000f001141 96 
1248122112.781 1 00000000000000000f001141 92 
1248122112.893 2 00000000000000000f001141 89 00000000000000000e00115a 80 
1248122113.006 1 00000000000000000f001141 90 
1248122113.117 1 00000000000000000f001141 90 
1248122113.229 1 00000000000000000f001141 91 
1248122113.341 1 00000000000000000f001141 90 
1248122113.468 1 00000000000000000f001141 87 
1248122113.581 1 00000000000000000f001141 83 
1248122113.692 1 00000000000000000f001141 83 
1248122113.805 1 00000000000000000e00115a 81 
1248122113.917 1 00000000000000000f001141 86 
1248122114.093 1 00000000000000000f001141 83 
1248122114.205 1 00000000000000000f001141 82 
1248122114.318 1 00000000000000000f001141 86 
1248122114.429 1 00000000000000000f001141 85 
1248122114.861 1 00000000000000000e00115a 82 
1248122114.974 1 00000000000000000f001141 82 
1248122115.149 1 00000000000000000e00115a 81 
1248122115.261 1 00000000000000000e00115a 81 
1248122115.437 1 00000000000000000e00115a 85 
1248122115.613 1 00000000000000000e00115a 84 
1248122116.556 1 00000000000000000e00115a 81 
1248122116.668 1 00000000000000000e00115a 81 
1248122116.844 1 00000000000000000f001141 85 
1248122117.084 1 00000000000000000e00115a 86 
1248122117.196 1 00000000000000000e00115a 84 
1248122117.308 2 00000000000000000e00115a 85 00000000000000000f001141 83 
1248122117.485 2 00000000000000000f001141 83 00000000000000000e00115a 87 
1248122117.596 1 00000000000000000e00115a 86 
1248122117.708 1 00000000000000000e00115a 86 
1248122117.948 1 00000000000000000e00115a 81 
1248122118.060 1 00000000000000000e00115a 80 
1248122118.172 1 00000000000000000e00115a 81 
1248122118.476 1 00000000000000000e00115a 84 
1248122118.591 1 00000000000000000e00115a 87 
1248122118.706 1 00000000000000000e00115a 88 
1248122118.813 1 00000000000000000e00115a 85 
1248122118.924 1 00000000000000000e00115a 89 
1248122119.036 1 00000000000000000e00115a 80 
1248122119.148 2 00000000000000000e00115a 86 00000000000000000e001150 81 
1248122119.260 1 00000000000000000e00115a 83 
1248122119.436 1 00000000000000000e00115a 81 
1248122119.548 2 00000000000000000e001150 80 00000000000000000e00115a 80 
1248122119.661 2 00000000000000000e001150 84 00000000000000000e00115a 82 
1248122119.773 1 00000000000000000e001150 85 
1248122120.076 1 00000000000000000e00115a 83 
1248122120.252 1 00000000000000000e001150 83 
1248122120.429 1 00000000000000000e001150 87 
1248122120.540 1 00000000000000000e001150 84 
1248122120.660 2 00000000000000000e00115a 82 00000000000000000e001150 84 
1248122120.829 2 00000000000000000e001150 84 00000000000000000e00115a 82 
1248122120.940 2 00000000000000000e001150 84 00000000000000000e00115a 81 
1248122121.052 1 00000000000000000e00115a 83 
1248122121.228 2 00000000000000000e00115a 86 00000000000000000e001150 84 
1248122121.340 1 00000000000000000e00115a 86 
1248122121.452 2 00000000000000000e00115a 84 00000000000000000e001150 80 
1248122121.564 1 00000000000000000e00115a 83 
1248122121.676 2 00000000000000000e001150 87 00000000000000000e00115a 83 
1248122121.788 2 00000000000000000e00115a 84 00000000000000000e001150 83 
1248122121.908 2 00000000000000000e001150 87 00000000000000000e00115a 87 
1248122122.027 2 00000000000000000e00115a 87 00000000000000000e001150 84 
1248122122.139 2 00000000000000000e001150 87 00000000000000000e00115a 88 
1248122122.251 1 00000000000000000e001150 84 
1248122122.363 2 00000000000000000e00115a 84 00000000000000000e001150 84 
1248122122.475 1 00000000000000000e001150 88 
1248122122.587 1 00000000000000000e001150 87 
1248122122.707 2 00000000000000000e001150 88 00000000000000000e00115a 85 
1248122122.827 1 00000000000000000e001150 89 
1248122122.939 1 00000000000000000e001150 88 
1248122123.051 2 00000000000000000e001150 86 00000000000000000e00115a 82 
1248122123.163 1 00000000000000000e001150 86 
1248122123.275 1 00000000000000000e001150 88 
1248122123.396 2 00000000000000000e001150 90 00000000000000000e00115a 85 
1248122123.499 1 00000000000000000e001150 92 
1248122123.611 1 00000000000000000e001150 91 
1248122123.723 2 00000000000000000e001150 91 00000000000000000e00115a 85 
1248122123.835 1 00000000000000000e001150 89 
1248122123.947 1 00000000000000000e001150 91 
1248122124.059 1 00000000000000000e001150 91 
1248122124.171 2 00000000000000000e001150 91 00000000000000000e00115a 85 
1248122124.283 1 00000000000000000e001150 90 
1248122124.397 1 00000000000000000e001150 94 
1248122124.507 1 00000000000000000e001150 92 
1248122124.619 1 00000000000000000e001150 94 
1248122124.731 1 00000000000000000e001150 93 
1248122124.843 1 00000000000000000e001150 94 
1248122124.955 1 00000000000000000e001150 93 
1248122125.067 1 00000000000000000e001150 96 
1248122125.179 1 00000000000000000e001150 96 
1248122125.291 1 00000000000000000e001150 97 
1248122125.403 2 00000000000000000e001150 95 00000000000000000e00115a 80 
1248122125.515 1 00000000000000000e001150 97 
1248122125.627 1 00000000000000000e001150 97 
1248122125.739 1 00000000000000000e001150 94 
1248122125.851 1 00000000000000000e001150 96 
1248122125.963 1 00000000000000000e001150 95 
1248122126.080 1 00000000000000000e001150 93 
1248122126.187 1 00000000000000000e001150 94 
1248122126.299 1 00000000000000000e001150 93 
1248122126.411 1 00000000000000000e001150 91 
1248122126.524 1 00000000000000000e001150 94 
1248122126.638 1 00000000000000000e001150 88 
1248122126.747 1 00000000000000000e001150 90 
1248122126.859 1 00000000000000000e001150 86 
1248122127.035 1 00000000000000000e001150 88 
1248122127.150 1 00000000000000000e001150 85 
1248122127.260 1 00000000000000000e00115a 84 
1248122127.435 1 00000000000000000e00115a 81 
1248122127.674 1 00000000000000000e001150 84 
1248122127.851 1 00000000000000000e001150 83 
1248122127.969 1 00000000000000000e001150 85 
1248122128.078 1 00000000000000000e001150 86 
1248122128.186 1 00000000000000000e001150 84 
1248122128.298 1 00000000000000000e00115a 80 
1248122128.410 1 00000000000000000e001150 85 
1248122128.522 1 00000000000000000e001150 88 
1248122128.634 1 00000000000000000e001150 87 
1248122128.748 1 00000000000000000e001150 85 
1248122128.858 1 00000000000000000e001150 89 
1248122128.970 1 00000000000000000e001150 87 
1248122129.082 1 00000000000000000e001150 87 
1248122129.194 2 00000000000000000e001150 85 00000000000000000e00115a 82 
1248122129.306 3 00000000000000000e00115a 84 00000000000000000e001150 88 00000000000000000e001170 81 
1248122129.422 1 00000000000000000e001150 88 
1248122129.534 1 00000000000000000e001150 85 
1248122129.646 1 00000000000000000e001150 85 
1248122129.758 1 00000000000000000e001150 86 
1248122129.934 1 00000000000000000e001150 84 
1248122130.046 1 00000000000000000e001150 85 
1248122130.158 1 00000000000000000e001150 86 
1248122130.275 2 00000000000000000e001150 90 00000000000000000e001170 85 
1248122130.382 2 00000000000000000e001150 90 00000000000000000e001170 83 
1248122130.494 1 00000000000000000e001150 90 
1248122130.606 1 00000000000000000e001150 88 
1248122130.718 1 00000000000000000e001150 81 
1248122130.894 1 00000000000000000e001150 81 
1248122131.025 2 00000000000000000e001170 84 00000000000000000e001150 83 
1248122131.136 2 00000000000000000e001150 81 00000000000000000e001170 87 
1248122131.310 2 00000000000000000e001170 83 00000000000000000e001150 82 
1248122131.422 1 00000000000000000e001150 83 
1248122131.534 1 00000000000000000e001170 84 
1248122131.646 1 00000000000000000e001170 87 
1248122131.758 1 00000000000000000e001170 86 
1248122131.873 1 00000000000000000e001170 86 
1248122131.982 1 00000000000000000e001170 88 
1248122132.158 1 00000000000000000e001170 88 
1248122132.270 1 00000000000000000e001170 87 
1248122132.446 1 00000000000000000e001170 85 
1248122132.622 1 00000000000000000e001170 88 
1248122132.736 1 00000000000000000e001170 86 
1248122132.846 1 00000000000000000e001170 84 
1248122132.958 1 00000000000000000e001170 88 
1248122133.070 1 00000000000000000e001170 88 
1248122133.182 1 00000000000000000e001170 85 
1248122133.357 1 00000000000000000e001170 90 
1248122133.469 2 00000000000000000e001150 83 00000000000000000e001170 87 
1248122133.583 1 00000000000000000e001170 89 
1248122133.694 2 00000000000000000e001170 85 00000000000000000e001150 81 
1248122133.805 1 00000000000000000e001170 90 
1248122133.917 1 00000000000000000e001170 92 
1248122134.029 1 00000000000000000e001170 88 
1248122134.141 1 00000000000000000e001170 88 
1248122134.254 1 00000000000000000e001170 94 
1248122134.365 1 00000000000000000e001170 93 
1248122134.477 1 00000000000000000e001170 95 
1248122134.589 1 00000000000000000e001170 91 
1248122134.701 1 00000000000000000e001170 92 
1248122134.813 2 00000000000000000e001170 91 00000000000000000e00114e 82 
1248122134.925 1 00000000000000000e001170 90 
1248122135.037 1 00000000000000000e001170 88 
1248122135.149 1 00000000000000000e001170 94 
1248122135.261 1 00000000000000000e001170 94 
1248122135.373 1 00000000000000000e001170 91 
1248122135.485 1 00000000000000000e001170 92 
1248122135.597 1 00000000000000000e001170 94 
1248122135.709 1 00000000000000000e001170 94 
1248122135.821 1 00000000000000000e001170 95 
1248122135.933 1 00000000000000000e001170 96 
1248122136.045 1 00000000000000000e001170 94 
1248122136.157 1 00000000000000000e001170 96 
1248122136.269 1 00000000000000000e001170 96 
1248122136.381 1 00000000000000000e001170 90 
1248122136.493 1 00000000000000000e001170 93 
1248122136.605 1 00000000000000000e001170 96 
1248122136.719 2 00000000000000000e001170 88 00000000000000000e001150 80 
1248122136.829 1 00000000000000000e001170 97 
1248122136.941 1 00000000000000000e001170 96 
1248122137.053 1 00000000000000000e001170 94 
1248122137.165 1 00000000000000000e001170 96 
1248122137.277 1 00000000000000000e001170 93 
1248122137.389 1 00000000000000000e001170 95 
1248122137.500 1 00000000000000000e001170 91 
1248122137.613 1 00000000000000000e001170 94 
1248122137.725 1 00000000000000000e001170 94 
1248122137.837 1 00000000000000000e001170 88 
1248122137.949 1 00000000000000000e001170 93 
1248122138.061 2 00000000000000000e001170 90 00000000000000000e00114e 82 
1248122138.173 1 00000000000000000e00114e 83 
1248122138.285 1 00000000000000000e00114e 83 
1248122138.397 2 00000000000000000e00114e 84 00000000000000000e001170 82 
1248122138.637 2 00000000000000000e00114e 83 00000000000000000e001170 89 
1248122138.753 1 00000000000000000e001170 89 
1248122138.861 1 00000000000000000e001170 91 
1248122138.976 1 00000000000000000e001170 89 
1248122139.084 1 00000000000000000e001170 84 
1248122139.660 1 00000000000000000e001170 85 
1248122139.900 1 00000000000000000e00114e 86 
1248122140.076 1 00000000000000000e001170 87 
1248122140.316 1 00000000000000000e00114e 84 
1248122140.428 1 00000000000000000e00114e 88 
1248122140.540 1 00000000000000000e00114e 87 
1248122140.652 1 00000000000000000e00114e 85 
1248122140.764 1 00000000000000000e00114e 88 
1248122140.876 1 00000000000000000e00114e 91 
1248122140.988 1 00000000000000000e00114e 89 
1248122141.100 1 00000000000000000e00114e 87 
1248122141.212 1 00000000000000000e00114e 92 
1248122141.324 1 00000000000000000e00114e 92 
1248122141.436 1 00000000000000000e00114e 95 
1248122141.548 1 00000000000000000e00114e 92 
1248122141.660 1 00000000000000000e00114e 88 
1248122141.772 1 00000000000000000e00114e 96 
1248122141.884 2 00000000000000000e001170 85 00000000000000000e00114e 92 
1248122141.998 2 00000000000000000e001170 82 00000000000000000e00114e 89 
1248122142.108 1 00000000000000000e00114e 97 
1248122142.220 1 00000000000000000e00114e 95 
1248122142.332 1 00000000000000000e00114e 96 
1248122142.444 1 00000000000000000e00114e 86 
1248122142.556 1 00000000000000000e00114e 97 
1248122142.668 1 00000000000000000e00114e 97 
1248122142.780 1 00000000000000000e00114e 95 
1248122142.892 1 00000000000000000e00114e 96 
1248122143.004 1 00000000000000000e00114e 97 
1248122143.116 1 00000000000000000e00114e 97 
1248122143.228 1 00000000000000000e00114e 99 
1248122143.340 1 00000000000000000e00114e 97 
1248122143.452 1 00000000000000000e00114e 99 
1248122143.564 1 00000000000000000e00114e 100 
1248122143.676 1 00000000000000000e00114e 100 
1248122143.793 1 00000000000000000e00114e 99 
1248122143.900 1 00000000000000000e00114e 96 
1248122144.012 1 00000000000000000e00114e 100 
1248122144.124 1 00000000000000000e00114e 98 
1248122144.236 1 00000000000000000e00114e 97 
1248122144.348 2 00000000000000000e00114e 96 00000000000000000e001170 83 
1248122144.460 1 00000000000000000e00114e 96 
1248122144.572 1 00000000000000000e00114e 96 
1248122144.685 1 00000000000000000e00114e 95 
1248122144.798 1 00000000000000000e00114e 96 
1248122144.907 1 00000000000000000e00114e 91 
1248122145.019 1 00000000000000000e00114e 88 
1248122145.133 1 00000000000000000e00114e 91 
1248122145.243 1 00000000000000000e00114e 90 
1248122145.355 1 00000000000000000e00114e 89 
1248122145.467 1 00000000000000000e00114e 85 
1248122145.579 1 00000000000000000e00114e 84 
1248122145.691 1 00000000000000000e00114e 85 
1248122145.803 1 00000000000000000e00114e 89 
1248122145.915 1 00000000000000000e00114e 86 
1248122146.027 1 00000000000000000e00114e 89 
1248122146.139 1 00000000000000000e00114e 91 
1248122146.251 1 00000000000000000e00114e 86 
1248122146.363 1 00000000000000000e00114e 86 
1248122147.243 1 00000000000000000e001170 83 
