1248643860.144 1 00000000000000000e00114c 98 
1248643860.256 1 00000000000000000e00114c 100 
1248643860.367 1 00000000000000000e00114c 102 
1248643860.480 1 00000000000000000e00114c 98 
1248643860.591 1 00000000000000000e00114c 100 
1248643860.703 1 00000000000000000e00114c 101 
1248643860.815 1 00000000000000000e00114c 96 
1248643860.927 1 00000000000000000e00114c 100 
1248643861.038 1 00000000000000000e00114c 102 
1248643861.150 1 00000000000000000e00114c 101 
1248643861.262 1 00000000000000000e00114c 102 
1248643861.373 1 00000000000000000e00114c 100 
1248643861.485 1 00000000000000000e00114c 101 
1248643861.597 1 00000000000000000e00114c 96 
1248643861.709 1 00000000000000000e00114c 100 
1248643861.825 1 00000000000000000e00114c 100 
1248643861.948 1 00000000000000000e00114c 100 
1248643862.077 1 00000000000000000e00114c 98 
1248643862.187 1 00000000000000000e00114c 101 
1248643862.303 1 00000000000000000e00114c 101 
1248643862.411 1 00000000000000000e00114c 101 
1248643862.523 1 00000000000000000e00114c 102 
1248643862.634 1 00000000000000000e00114c 100 
1248643862.746 1 00000000000000000e00114c 102 
1248643862.858 1 00000000000000000e00114c 101 
1248643862.970 1 00000000000000000e00114c 96 
1248643863.081 1 00000000000000000e00114c 99 
1248643863.196 1 00000000000000000e00114c 102 
1248643863.321 1 00000000000000000e00114c 102 
1248643863.433 1 00000000000000000e00114c 97 
1248643863.546 1 00000000000000000e00114c 101 
1248643863.656 1 00000000000000000e00114c 100 
1248643863.768 1 00000000000000000e00114c 102 
1248643863.896 1 00000000000000000e00114c 101 
1248643864.008 1 00000000000000000e00114c 101 
1248643864.135 1 00000000000000000e00114c 102 
1248643864.247 1 00000000000000000e00114c 101 
1248643864.359 1 00000000000000000e00114c 97 
1248643864.470 1 00000000000000000e00114c 100 
1248643864.582 1 00000000000000000e00114c 101 
1248643864.694 2 00000000000000000e00114c 102 00000000000000000f001141 77 
1248643864.806 1 00000000000000000e00114c 101 
1248643864.917 2 00000000000000000e00114c 102 00000000000000000f001141 79 
1248643865.029 1 00000000000000000e00114c 100 
1248643865.141 1 00000000000000000e00114c 101 
1248643865.253 1 00000000000000000e00114c 98 
1248643865.365 2 00000000000000000e00114c 102 00000000000000000f001141 78 
1248643865.476 1 00000000000000000e00114c 98 
1248643865.588 1 00000000000000000e00114c 101 
1248643865.700 1 00000000000000000e00114c 100 
1248643865.812 1 00000000000000000e00114c 100 
1248643865.923 1 00000000000000000e00114c 100 
1248643866.035 1 00000000000000000e00114c 97 
1248643866.147 1 00000000000000000e00114c 100 
1248643866.259 1 00000000000000000e00114c 100 
1248643866.370 1 00000000000000000e00114c 98 
1248643866.482 1 00000000000000000e00114c 100 
1248643866.594 1 00000000000000000e00114c 98 
1248643866.706 1 00000000000000000e00114c 99 
1248643866.817 2 00000000000000000e00114c 96 00000000000000000f001141 78 
1248643866.929 1 00000000000000000e00114c 97 
1248643867.041 1 00000000000000000e00114c 96 
1248643867.153 1 00000000000000000e00114c 93 
1248643867.264 2 00000000000000000e00114c 90 00000000000000000f001141 80 
1248643867.376 1 00000000000000000e00114c 85 
1248643867.488 1 00000000000000000e00114c 78 
1248643867.600 1 00000000000000000f001141 81 
1248643867.775 1 00000000000000000e00114c 79 
1248643867.888 1 00000000000000000e00114c 79 
1248643868.126 1 00000000000000000f001141 80 
1248643868.238 1 00000000000000000f001141 78 
1248643868.350 1 00000000000000000f001141 77 
1248643868.462 1 00000000000000000e00114c 78 
1248643868.957 1 00000000000000000e00114c 79 
1248643869.515 1 00000000000000000e00114c 80 
1248643870.010 1 00000000000000000e00114c 79 
1248643870.122 1 00000000000000000e00114c 81 
1248643870.361 1 00000000000000000e00114c 78 
1248643870.537 1 00000000000000000e00114c 79 
1248643870.649 1 00000000000000000e00114c 79 
1248643871.399 1 00000000000000000e00114c 79 
1248643871.639 1 00000000000000000e00114c 83 
1248643871.750 2 00000000000000000e00114c 85 00000000000000000f001141 79 
1248643871.862 1 00000000000000000e00114c 80 
1248643871.974 2 00000000000000000e00114c 85 00000000000000000f001141 78 
1248643872.086 1 00000000000000000e00114c 82 
1248643872.197 1 00000000000000000e00114c 80 
1248643872.373 1 00000000000000000e00114c 81 
1248643872.868 1 00000000000000000e00114c 81 
1248643872.980 1 00000000000000000e00114c 80 
1248643873.538 1 00000000000000000f001141 76 
1248643873.842 1 00000000000000000f001141 79 
1248643874.081 1 00000000000000000f001141 79 
1248643874.257 1 00000000000000000f001141 79 
1248643874.368 1 00000000000000000f001141 80 
1248643874.799 1 00000000000000000e00114c 78 
1248643874.911 1 00000000000000000e00114c 81 
1248643875.087 1 00000000000000000e00114c 78 
1248643875.262 1 00000000000000000e00114c 80 
1248643875.502 1 00000000000000000f001141 80 
1248643875.678 1 00000000000000000e00114c 82 
1248643875.789 1 00000000000000000e00114c 83 
1248643875.901 1 00000000000000000e00114c 83 
1248643876.077 1 00000000000000000e00114c 82 
1248643876.188 1 00000000000000000e00114c 84 
1248643876.300 1 00000000000000000e00114c 83 
1248643876.412 1 00000000000000000e00114c 78 
1248643876.524 1 00000000000000000e00114c 80 
1248643876.699 1 00000000000000000f001141 80 
1248643876.939 2 00000000000000000f001141 81 00000000000000000e00114c 81 
1248643877.114 1 00000000000000000e00114c 79 
1248643877.226 1 00000000000000000e00114c 82 
1248643877.338 1 00000000000000000e00114c 80 
1248643877.450 1 00000000000000000f001141 80 
1248643877.626 1 00000000000000000f001141 79 
1248643877.865 1 00000000000000000e00114c 78 
1248643877.976 1 00000000000000000f001141 79 
1248643878.152 1 00000000000000000f001141 80 
1248643878.328 1 00000000000000000f001141 81 
1248643878.439 1 00000000000000000f001141 78 
1248643878.551 1 00000000000000000f001141 80 
1248643878.663 1 00000000000000000f001141 82 
1248643878.775 1 00000000000000000f001141 82 
1248643878.886 2 00000000000000000f001141 83 00000000000000000e00114c 79 
1248643878.998 1 00000000000000000f001141 82 
1248643879.110 1 00000000000000000f001141 76 
1248643879.222 1 00000000000000000f001141 83 
1248643879.333 1 00000000000000000f001141 80 
1248643879.445 1 00000000000000000f001141 83 
1248643879.557 1 00000000000000000f001141 83 
1248643879.669 1 00000000000000000f001141 83 
1248643879.780 1 00000000000000000f001141 83 
1248643879.892 1 00000000000000000f001141 76 
1248643880.006 1 00000000000000000f001141 76 
1248643880.116 1 00000000000000000f001141 80 
1248643880.227 1 00000000000000000f001141 81 
1248643880.339 1 00000000000000000f001141 79 
1248643880.451 1 00000000000000000f001141 83 
1248643880.563 1 00000000000000000f001141 79 
1248643880.674 1 00000000000000000f001141 82 
1248643880.786 1 00000000000000000f001141 83 
1248643880.898 1 00000000000000000f001141 80 
1248643881.010 1 00000000000000000f001141 80 
1248643881.121 1 00000000000000000f001141 81 
1248643881.233 1 00000000000000000f001141 82 
1248643881.345 1 00000000000000000f001141 81 
1248643881.457 1 00000000000000000f001141 81 
1248643881.568 1 00000000000000000f001141 79 
1248643881.681 2 00000000000000000f001141 80 00000000000000000e00114c 79 
1248643881.792 1 00000000000000000f001141 79 
1248643881.968 1 00000000000000000f001141 80 
1248643882.079 1 00000000000000000f001141 78 
1248643882.191 1 00000000000000000f001141 79 
1248643882.367 1 00000000000000000f001141 79 
1248643882.925 1 00000000000000000f001141 80 
1248643883.101 1 00000000000000000f001141 81 
1248643885.575 1 00000000000000000f001141 77 
1248643885.687 1 00000000000000000f001141 77 
1248643885.799 1 00000000000000000f001141 79 
1248643885.911 1 00000000000000000f001141 80 
1248643886.022 1 00000000000000000f001141 80 
1248643886.134 1 00000000000000000f001141 79 
1248643886.246 1 00000000000000000f001141 79 
1248643886.358 1 00000000000000000f001141 83 
1248643886.469 1 00000000000000000f001141 81 
1248643886.581 1 00000000000000000f001141 84 
1248643886.693 1 00000000000000000f001141 83 
1248643886.805 1 00000000000000000f001141 83 
1248643886.916 1 00000000000000000f001141 86 
1248643887.028 1 00000000000000000f001141 84 
1248643887.140 1 00000000000000000f001141 84 
1248643887.252 1 00000000000000000f001141 86 
1248643887.363 1 00000000000000000f001141 88 
1248643887.475 1 00000000000000000f001141 87 
1248643887.587 1 00000000000000000f001141 88 
1248643887.699 1 00000000000000000f001141 88 
1248643887.810 1 00000000000000000f001141 89 
1248643887.922 1 00000000000000000f001141 88 
1248643888.034 1 00000000000000000f001141 83 
1248643888.146 1 00000000000000000f001141 89 
1248643888.257 1 00000000000000000f001141 88 
1248643888.369 1 00000000000000000f001141 86 
1248643888.481 1 00000000000000000f001141 86 
1248643888.593 1 00000000000000000f001141 90 
1248643888.704 1 00000000000000000f001141 88 
1248643888.816 1 00000000000000000f001141 82 
1248643888.928 1 00000000000000000f001141 81 
1248643889.040 1 00000000000000000f001141 82 
1248643889.152 1 00000000000000000f001141 87 
1248643889.263 1 00000000000000000f001141 82 
1248643889.375 1 00000000000000000f001141 86 
1248643889.487 1 00000000000000000f001141 80 
1248643889.599 1 00000000000000000f001141 87 
1248643889.710 1 00000000000000000f001141 86 
1248643889.822 1 00000000000000000f001141 80 
1248643889.934 1 00000000000000000f001141 80 
1248643890.046 1 00000000000000000f001141 89 
1248643890.157 1 00000000000000000f001141 88 
1248643890.269 1 00000000000000000f001141 87 
1248643890.381 1 00000000000000000f001141 91 
1248643890.493 1 00000000000000000f001141 90 
1248643890.604 1 00000000000000000f001141 90 
1248643890.716 1 00000000000000000f001141 86 
1248643890.828 1 00000000000000000f001141 92 
1248643890.940 1 00000000000000000f001141 90 
1248643891.051 1 00000000000000000f001141 88 
1248643891.163 1 00000000000000000f001141 93 
1248643891.275 1 00000000000000000f001141 92 
1248643891.387 1 00000000000000000f001141 86 
1248643891.498 1 00000000000000000f001141 87 
1248643891.610 1 00000000000000000f001141 91 
1248643891.722 1 00000000000000000f001141 85 
1248643891.834 1 00000000000000000f001141 86 
1248643891.945 1 00000000000000000f001141 93 
1248643892.057 1 00000000000000000f001141 86 
1248643892.169 1 00000000000000000f001141 91 
1248643892.281 1 00000000000000000f001141 88 
1248643892.392 1 00000000000000000f001141 91 
1248643892.504 1 00000000000000000f001141 89 
1248643892.616 1 00000000000000000f001141 87 
1248643892.728 1 00000000000000000f001141 85 
1248643892.839 1 00000000000000000f001141 91 
1248643892.951 1 00000000000000000f001141 86 
1248643893.063 1 00000000000000000f001141 91 
1248643893.174 1 00000000000000000f001141 90 
1248643893.286 1 00000000000000000f001141 90 
1248643893.398 1 00000000000000000f001141 87 
1248643893.510 1 00000000000000000f001141 89 
1248643893.622 1 00000000000000000f001141 90 
1248643893.733 1 00000000000000000f001141 88 
1248643893.845 1 00000000000000000f001141 90 
1248643893.957 1 00000000000000000f001141 89 
1248643894.069 1 00000000000000000f001141 88 
1248643894.180 1 00000000000000000f001141 89 
1248643894.292 1 00000000000000000f001141 90 
1248643894.404 1 00000000000000000f001141 84 
1248643894.516 1 00000000000000000f001141 91 
1248643894.627 1 00000000000000000f001141 92 
1248643894.739 1 00000000000000000f001141 88 
1248643894.851 1 00000000000000000f001141 91 
1248643894.963 1 00000000000000000f001141 90 
1248643895.074 1 00000000000000000f001141 94 
1248643895.186 1 00000000000000000f001141 90 
1248643895.298 1 00000000000000000f001141 90 
1248643895.410 1 00000000000000000f001141 93 
1248643895.521 1 00000000000000000f001141 94 
1248643895.633 1 00000000000000000f001141 92 
1248643895.745 1 00000000000000000f001141 89 
1248643895.857 1 00000000000000000f001141 92 
1248643895.968 1 00000000000000000f001141 91 
1248643896.080 2 00000000000000000f001141 92 00000000000000000f001151 78 
1248643896.192 1 00000000000000000f001141 89 
1248643896.304 1 00000000000000000f001141 85 
1248643896.415 1 00000000000000000f001141 88 
1248643896.530 2 00000000000000000f001141 84 00000000000000000f001151 80 
1248643896.639 1 00000000000000000f001141 77 
1248643896.751 1 00000000000000000f001151 80 
1248643896.862 1 00000000000000000f001151 80 
1248643897.102 1 00000000000000000f001151 81 
1248643897.214 1 00000000000000000f001151 81 
1248643897.325 1 00000000000000000f001151 82 
1248643897.437 1 00000000000000000f001151 80 
1248643897.549 1 00000000000000000f001151 82 
1248643897.661 1 00000000000000000f001151 83 
1248643897.836 1 00000000000000000f001151 83 
1248643897.948 1 00000000000000000f001151 84 
1248643898.124 1 00000000000000000f001151 85 
1248643898.235 1 00000000000000000f001151 81 
1248643898.347 1 00000000000000000f001151 83 
1248643898.459 1 00000000000000000f001151 82 
1248643898.571 1 00000000000000000f001151 84 
1248643898.682 1 00000000000000000f001151 83 
1248643898.794 1 00000000000000000f001151 85 
1248643898.906 1 00000000000000000f001151 79 
1248643899.018 1 00000000000000000f001151 82 
1248643899.129 1 00000000000000000f001151 82 
1248643899.241 1 00000000000000000f001151 85 
1248643899.353 2 00000000000000000f001141 80 00000000000000000f001151 82 
1248643899.465 2 00000000000000000f001151 82 00000000000000000f001141 78 
1248643899.576 1 00000000000000000f001151 80 
1248643899.688 2 00000000000000000f001141 80 00000000000000000f001151 81 
1248643899.800 2 00000000000000000f001151 82 00000000000000000f001141 81 
1248643899.912 2 00000000000000000f001151 81 00000000000000000f001141 81 
1248643900.023 2 00000000000000000f001141 80 00000000000000000f001151 81 
1248643900.135 1 00000000000000000f001151 81 
1248643900.247 1 00000000000000000f001151 80 
1248643900.359 2 00000000000000000f001151 83 00000000000000000f001141 80 
1248643900.470 2 00000000000000000f001151 82 00000000000000000f001141 83 
1248643900.582 2 00000000000000000f001141 84 00000000000000000f001151 78 
1248643900.694 1 00000000000000000f001141 79 
1248643900.806 1 00000000000000000f001151 82 
1248643900.981 1 00000000000000000f001151 82 
1248643901.093 1 00000000000000000f001151 81 
1248643901.205 2 00000000000000000f001141 80 00000000000000000f001151 81 
1248643901.316 1 00000000000000000f001141 83 
1248643901.428 2 00000000000000000f001151 81 00000000000000000f001141 82 
1248643901.540 2 00000000000000000f001151 77 00000000000000000f001141 79 
1248643901.652 1 00000000000000000f001151 81 
1248643901.763 1 00000000000000000f001151 80 
1248643901.875 1 00000000000000000f001151 83 
1248643901.987 1 00000000000000000f001151 82 
1248643902.099 1 00000000000000000f001151 76 
1248643902.210 2 00000000000000000f001151 79 00000000000000000f001141 76 
1248643902.322 2 00000000000000000f001141 80 00000000000000000f001151 80 
1248643902.434 1 00000000000000000f001141 79 
1248643902.610 1 00000000000000000f001141 75 
1248643903.169 1 00000000000000000f001141 80 
1248643903.408 1 00000000000000000f001141 75 
1248643903.903 1 00000000000000000f001151 77 
1248643904.079 1 00000000000000000f001151 79 
1248643904.190 1 00000000000000000f001151 80 
1248643904.302 1 00000000000000000f001151 80 
1248643904.414 1 00000000000000000f001151 80 
1248643904.525 1 00000000000000000f001151 79 
1248643904.637 1 00000000000000000f001151 81 
1248643904.749 1 00000000000000000f001151 80 
1248643904.861 1 00000000000000000f001151 81 
1248643904.972 1 00000000000000000f001151 81 
1248643905.084 1 00000000000000000f001151 82 
1248643905.196 1 00000000000000000f001151 82 
1248643905.308 1 00000000000000000f001151 83 
1248643905.419 1 00000000000000000f001151 80 
1248643905.531 1 00000000000000000f001151 85 
1248643905.643 1 00000000000000000f001151 85 
1248643905.755 1 00000000000000000f001151 77 
1248643905.866 1 00000000000000000f001151 84 
1248643905.978 1 00000000000000000f001151 87 
1248643906.090 1 00000000000000000f001151 86 
1248643906.202 1 00000000000000000f001151 87 
1248643906.313 1 00000000000000000f001151 88 
1248643906.425 1 00000000000000000f001151 86 
1248643906.537 1 00000000000000000f001151 88 
1248643906.649 1 00000000000000000f001151 84 
1248643906.760 1 00000000000000000f001151 83 
1248643906.872 1 00000000000000000f001151 88 
1248643906.984 1 00000000000000000f001151 86 
1248643907.096 1 00000000000000000f001151 84 
1248643907.207 1 00000000000000000f001151 88 
1248643907.319 1 00000000000000000f001151 80 
1248643907.431 1 00000000000000000f001151 81 
1248643907.546 1 00000000000000000f001151 81 
1248643907.654 1 00000000000000000f001151 82 
1248643907.766 1 00000000000000000f001151 84 
1248643907.878 1 00000000000000000f001151 85 
1248643907.990 1 00000000000000000f001151 85 
1248643908.101 1 00000000000000000f001151 86 
1248643908.213 1 00000000000000000f001151 81 
1248643908.325 1 00000000000000000f001151 83 
1248643908.437 1 00000000000000000f001151 84 
1248643908.549 1 00000000000000000f001151 84 
1248643908.660 1 00000000000000000f001151 82 
1248643908.836 1 00000000000000000f001151 81 
1248643909.075 1 00000000000000000f001151 80 
1248643909.378 1 00000000000000000f001141 78 
1248643911.278 1 00000000000000000f001151 80 
1248643911.390 1 00000000000000000f001151 78 
1248643911.693 1 00000000000000000f001151 78 
1248643911.869 1 00000000000000000f001151 77 
1248643911.981 1 00000000000000000f001151 78 
1248643912.156 1 00000000000000000f001151 80 
1248643912.268 1 00000000000000000f001151 79 
1248643912.380 1 00000000000000000f001151 78 
1248643913.130 1 00000000000000000f001151 80 
1248643913.242 1 00000000000000000f001151 80 
1248643913.354 1 00000000000000000f001151 81 
1248643913.465 1 00000000000000000f001151 82 
1248643913.577 1 00000000000000000f001151 80 
1248643913.689 1 00000000000000000f001151 84 
1248643913.801 1 00000000000000000f001151 85 
1248643913.912 1 00000000000000000f001151 85 
1248643914.024 1 00000000000000000f001151 88 
1248643914.136 1 00000000000000000f001151 86 
1248643914.248 1 00000000000000000f001151 88 
1248643914.359 1 00000000000000000f001151 81 
1248643914.471 1 00000000000000000f001151 81 
1248643914.583 1 00000000000000000f001151 89 
1248643914.695 1 00000000000000000f001151 89 
1248643914.806 1 00000000000000000f001151 85 
1248643914.918 1 00000000000000000f001151 83 
1248643915.030 1 00000000000000000f001151 84 
1248643915.142 1 00000000000000000f001151 87 
1248643915.253 1 00000000000000000f001151 88 
1248643915.365 1 00000000000000000f001151 85 
1248643915.477 1 00000000000000000f001151 88 
1248643915.590 1 00000000000000000f001151 84 
1248643915.700 1 00000000000000000f001151 88 
1248643915.812 1 00000000000000000f001151 90 
1248643915.924 1 00000000000000000f001151 88 
1248643916.036 1 00000000000000000f001151 90 
1248643916.147 1 00000000000000000f001151 90 
1248643916.259 1 00000000000000000f001151 91 
1248643916.371 1 00000000000000000f001151 86 
1248643916.483 1 00000000000000000f001151 92 
1248643916.594 1 00000000000000000f001151 93 
1248643916.706 1 00000000000000000f001151 89 
1248643916.818 1 00000000000000000f001151 94 
1248643916.930 1 00000000000000000f001151 91 
1248643917.041 1 00000000000000000f001151 92 
1248643917.153 1 00000000000000000f001151 92 
1248643917.265 1 00000000000000000f001151 94 
1248643917.377 1 00000000000000000f001151 98 
1248643917.488 1 00000000000000000f001151 98 
1248643917.600 1 00000000000000000f001151 95 
1248643917.712 1 00000000000000000f001151 97 
1248643917.824 1 00000000000000000f001151 92 
1248643917.935 1 00000000000000000f001151 96 
1248643918.047 1 00000000000000000f001151 96 
1248643918.159 1 00000000000000000f001151 97 
1248643918.271 1 00000000000000000f001151 101 
1248643918.382 1 00000000000000000f001151 91 
1248643918.494 1 00000000000000000f001151 99 
1248643918.606 1 00000000000000000f001151 102 
1248643918.718 1 00000000000000000f001151 94 
1248643918.830 1 00000000000000000f001151 97 
1248643918.941 1 00000000000000000f001151 102 
1248643919.053 1 00000000000000000f001151 103 
1248643919.165 1 00000000000000000f001151 93 
1248643919.276 1 00000000000000000f001151 103 
1248643919.388 1 00000000000000000f001151 102 
1248643919.500 1 00000000000000000f001151 97 
1248643919.612 1 00000000000000000f001151 102 
1248643919.723 1 00000000000000000f001151 97 
1248643919.835 1 00000000000000000f001151 101 
1248643919.947 1 00000000000000000f001151 97 
1248643920.059 1 00000000000000000f001151 98 
1248643920.171 1 00000000000000000f001151 102 
1248643920.282 1 00000000000000000f001151 102 
1248643920.394 1 00000000000000000f001151 100 
1248643920.506 1 00000000000000000f001151 100 
1248643920.618 1 00000000000000000f001151 93 
1248643920.729 1 00000000000000000f001151 97 
1248643920.841 1 00000000000000000f001151 93 
1248643920.953 1 00000000000000000f001151 97 
1248643921.065 1 00000000000000000f001151 99 
1248643921.176 1 00000000000000000f001151 90 
1248643921.288 1 00000000000000000f001151 96 
1248643921.400 1 00000000000000000f001151 97 
1248643921.512 1 00000000000000000f001151 93 
1248643921.623 1 00000000000000000f001151 94 
1248643921.735 1 00000000000000000f001151 96 
1248643921.847 1 00000000000000000f001151 97 
1248643921.958 1 00000000000000000f001151 93 
1248643922.070 1 00000000000000000f001151 99 
1248643922.182 1 00000000000000000f001151 99 
1248643922.294 1 00000000000000000f001151 98 
1248643922.406 1 00000000000000000f001151 100 
1248643922.517 1 00000000000000000f001151 100 
1248643922.629 1 00000000000000000f001151 99 
1248643922.741 1 00000000000000000f001151 100 
1248643922.853 1 00000000000000000f001151 102 
1248643922.964 1 00000000000000000f001151 101 
1248643923.076 1 00000000000000000f001151 100 
1248643923.188 1 00000000000000000f001151 102 
1248643923.300 1 00000000000000000f001151 104 
1248643923.411 1 00000000000000000f001151 102 
1248643923.523 1 00000000000000000f001151 104 
1248643923.635 1 00000000000000000f001151 104 
1248643923.746 1 00000000000000000f001151 104 
1248643923.858 1 00000000000000000f001151 104 
1248643923.970 1 00000000000000000f001151 102 
1248643924.082 1 00000000000000000f001151 105 
1248643924.194 1 00000000000000000f001151 105 
1248643924.306 1 00000000000000000f001151 104 
1248643924.417 1 00000000000000000f001151 105 
1248643924.529 1 00000000000000000f001151 104 
1248643924.641 1 00000000000000000f001151 105 
1248643924.752 1 00000000000000000f001151 105 
1248643924.864 1 00000000000000000f001151 104 
1248643924.976 1 00000000000000000f001151 104 
1248643925.088 1 00000000000000000f001151 105 
1248643925.199 1 00000000000000000f001151 103 
1248643925.311 1 00000000000000000f001151 104 
1248643925.423 1 00000000000000000f001151 100 
1248643925.535 1 00000000000000000f001151 102 
1248643925.646 1 00000000000000000f001151 101 
1248643925.758 1 00000000000000000f001151 101 
1248643925.870 1 00000000000000000f001151 99 
1248643925.982 1 00000000000000000f001151 99 
1248643926.093 1 00000000000000000f001151 97 
1248643926.205 1 00000000000000000f001151 99 
1248643926.317 1 00000000000000000f001151 98 
1248643926.429 1 00000000000000000f001151 99 
1248643926.540 1 00000000000000000f001151 95 
1248643926.652 1 00000000000000000f001151 96 
1248643926.764 1 00000000000000000f001151 91 
1248643926.876 1 00000000000000000f001151 93 
1248643926.987 1 00000000000000000f001151 95 
1248643927.099 1 00000000000000000f001151 89 
1248643927.211 1 00000000000000000f001151 88 
1248643927.323 1 00000000000000000f001151 90 
1248643927.434 1 00000000000000000f001151 86 
1248643927.546 1 00000000000000000f001151 85 
1248643927.658 1 00000000000000000f001151 85 
1248643927.770 1 00000000000000000f001151 85 
1248643927.881 1 00000000000000000f001151 88 
1248643927.993 1 00000000000000000f001151 84 
1248643928.105 1 00000000000000000f001151 90 
1248643928.217 1 00000000000000000f001151 88 
1248643928.328 1 00000000000000000f001151 90 
1248643928.440 1 00000000000000000f001151 84 
1248643928.552 1 00000000000000000f001151 89 
1248643928.664 1 00000000000000000f001151 89 
1248643928.775 1 00000000000000000f001151 86 
1248643928.887 1 00000000000000000f001151 88 
1248643928.999 1 00000000000000000f001151 89 
1248643929.111 1 00000000000000000f001151 89 
1248643929.222 1 00000000000000000f001151 90 
1248643929.334 2 00000000000000000f001151 91 00000000000000000e001170 79 
1248643929.446 1 00000000000000000f001151 91 
1248643929.558 1 00000000000000000f001151 88 
1248643929.669 1 00000000000000000f001151 89 
1248643929.781 1 00000000000000000f001151 85 
1248643929.893 1 00000000000000000f001151 79 
1248643930.005 1 00000000000000000f001151 81 
1248643930.116 1 00000000000000000f001151 80 
1248643930.292 1 00000000000000000e001170 78 
1248643930.468 1 00000000000000000e001170 81 
1248643930.707 1 00000000000000000f001151 79 
1248643930.883 1 00000000000000000f001151 77 
1248643930.994 1 00000000000000000f001151 82 
1248643931.106 1 00000000000000000f001151 80 
1248643931.218 1 00000000000000000f001151 77 
1248643931.330 1 00000000000000000f001151 78 
1248643931.952 1 00000000000000000f001151 81 
1248643932.064 1 00000000000000000f001151 77 
1248643932.176 1 00000000000000000f001151 81 
1248643932.288 1 00000000000000000f001151 78 
1248643932.399 1 00000000000000000f001151 80 
1248643932.511 1 00000000000000000f001151 81 
1248643932.623 1 00000000000000000f001151 82 
1248643932.735 1 00000000000000000f001151 83 
1248643932.910 1 00000000000000000f001151 82 
1248643933.087 1 00000000000000000f001151 79 
1248643933.261 1 00000000000000000f001151 79 
1248643933.501 1 00000000000000000f001151 80 
1248643933.613 1 00000000000000000f001151 81 
1248643933.724 1 00000000000000000f001151 79 
1248643934.347 1 00000000000000000f001151 81 
1248643934.459 1 00000000000000000f001151 79 
1248643934.571 1 00000000000000000f001151 79 
1248643935.065 1 00000000000000000f001151 80 
1248643935.241 1 00000000000000000f001151 79 
1248643935.353 1 00000000000000000f001151 80 
1248643935.528 1 00000000000000000e001170 79 
1248643935.768 1 00000000000000000e001170 82 
1248643935.880 2 00000000000000000e001170 78 00000000000000000f001151 81 
1248643935.991 1 00000000000000000e001170 78 
1248643936.103 1 00000000000000000e001170 80 
1248643936.215 1 00000000000000000e001170 80 
1248643936.327 1 00000000000000000e001170 80 
1248643936.438 1 00000000000000000e001170 81 
1248643936.614 1 00000000000000000e001170 83 
1248643936.726 1 00000000000000000f001151 77 
1248643936.837 1 00000000000000000e001170 82 
1248643936.949 1 00000000000000000e001170 80 
1248643937.061 1 00000000000000000e001170 79 
1248643937.173 1 00000000000000000e001170 82 
1248643937.284 1 00000000000000000e001170 82 
1248643937.396 1 00000000000000000e001170 84 
1248643937.508 1 00000000000000000e001170 84 
1248643937.620 1 00000000000000000e001170 81 
1248643937.731 1 00000000000000000e001170 85 
1248643937.843 1 00000000000000000e001170 86 
1248643937.955 1 00000000000000000e001170 85 
1248643938.067 1 00000000000000000e001170 85 
1248643938.179 1 00000000000000000e001170 87 
1248643938.290 1 00000000000000000e001170 86 
1248643938.402 1 00000000000000000e001170 85 
1248643938.514 1 00000000000000000e001170 88 
1248643938.626 1 00000000000000000e001170 87 
1248643938.737 1 00000000000000000e001170 88 
1248643938.849 1 00000000000000000e001170 88 
1248643938.961 1 00000000000000000e001170 83 
1248643939.073 1 00000000000000000e001170 88 
1248643939.184 1 00000000000000000e001170 88 
1248643939.296 1 00000000000000000e001170 88 
1248643939.408 1 00000000000000000e001170 90 
1248643939.520 1 00000000000000000e001170 88 
1248643939.631 1 00000000000000000e001170 90 
1248643939.743 1 00000000000000000e001170 84 
1248643939.855 1 00000000000000000e001170 90 
1248643939.967 1 00000000000000000e001170 90 
1248643940.078 1 00000000000000000e001170 91 
1248643940.190 1 00000000000000000e001170 90 
1248643940.302 1 00000000000000000e001170 91 
1248643940.414 1 00000000000000000e001170 89 
1248643940.525 1 00000000000000000e001170 90 
1248643940.637 1 00000000000000000e001170 89 
1248643940.749 1 00000000000000000e001170 89 
1248643940.861 1 00000000000000000e001170 88 
1248643940.972 1 00000000000000000e001170 88 
1248643941.084 1 00000000000000000e001170 87 
1248643941.260 1 00000000000000000e001170 88 
1248643941.371 1 00000000000000000e001170 80 
1248643941.483 1 00000000000000000e001170 87 
1248643941.595 1 00000000000000000e001170 86 
1248643941.771 1 00000000000000000e001170 86 
1248643941.882 1 00000000000000000e001170 86 
1248643941.994 1 00000000000000000e001170 87 
1248643942.106 1 00000000000000000e001170 83 
1248643942.218 1 00000000000000000e001170 88 
1248643942.329 1 00000000000000000e001170 88 
1248643942.505 1 00000000000000000e001170 88 
1248643942.617 1 00000000000000000e001170 84 
1248643942.792 1 00000000000000000e001170 82 
1248643942.904 1 00000000000000000e001170 79 
1248643943.016 1 00000000000000000e001170 83 
1248643943.191 1 00000000000000000e001170 83 
1248643943.303 1 00000000000000000e001170 83 
1248643943.415 1 00000000000000000e001170 82 
1248643943.718 1 00000000000000000e001170 79 
1248643943.894 1 00000000000000000e001170 79 
1248643944.006 1 00000000000000000e001170 79 
1248643944.181 1 00000000000000000e001170 79 
1248643944.293 1 00000000000000000e001170 80 
1248643944.469 1 00000000000000000e001170 76 
1248643944.580 1 00000000000000000e001170 83 
1248643944.756 1 00000000000000000e001170 80 
1248643944.931 1 00000000000000000e001170 81 
1248643945.043 1 00000000000000000e001170 78 
1248643945.155 1 00000000000000000e001170 83 
1248643945.267 1 00000000000000000e001170 88 
1248643945.379 1 00000000000000000e001170 82 
1248643945.490 1 00000000000000000e001170 85 
1248643945.602 1 00000000000000000e001170 89 
1248643945.714 1 00000000000000000e001170 86 
1248643945.826 1 00000000000000000e001170 84 
1248643945.937 1 00000000000000000e001170 84 
1248643946.049 1 00000000000000000e001170 88 
1248643946.161 1 00000000000000000e001170 85 
1248643946.273 1 00000000000000000e001170 86 
1248643946.384 1 00000000000000000e001170 84 
1248643946.496 1 00000000000000000e001170 89 
1248643946.608 1 00000000000000000e001170 89 
1248643946.720 1 00000000000000000e001170 86 
1248643946.831 1 00000000000000000e001170 89 
1248643946.943 1 00000000000000000e001170 89 
1248643947.055 1 00000000000000000e001170 86 
1248643947.167 1 00000000000000000e001170 89 
1248643947.278 1 00000000000000000e001170 87 
1248643947.390 1 00000000000000000e001170 88 
1248643947.502 1 00000000000000000e001170 87 
1248643947.614 1 00000000000000000e001170 89 
1248643947.725 1 00000000000000000e001170 91 
1248643947.837 1 00000000000000000e001170 85 
1248643947.949 1 00000000000000000e001170 91 
1248643948.061 1 00000000000000000e001170 89 
1248643948.172 1 00000000000000000e001170 89 
1248643948.285 1 00000000000000000e001170 89 
1248643948.396 1 00000000000000000e001170 90 
1248643948.508 1 00000000000000000e001170 92 
1248643948.619 1 00000000000000000e001170 92 
1248643948.731 1 00000000000000000e001170 93 
1248643948.843 1 00000000000000000e001170 96 
1248643948.955 1 00000000000000000e001170 94 
1248643949.066 1 00000000000000000e001170 96 
1248643949.178 1 00000000000000000e001170 96 
1248643949.290 1 00000000000000000e001170 99 
1248643949.402 1 00000000000000000e001170 99 
1248643949.513 1 00000000000000000e001170 96 
1248643949.625 1 00000000000000000e001170 100 
1248643949.737 1 00000000000000000e001170 100 
1248643949.848 1 00000000000000000e001170 97 
1248643949.960 1 00000000000000000e001170 99 
1248643950.072 1 00000000000000000e001170 98 
1248643950.184 1 00000000000000000e001170 98 
1248643950.296 1 00000000000000000e001170 90 
1248643950.407 1 00000000000000000e001170 98 
1248643950.519 1 00000000000000000e001170 98 
1248643950.631 1 00000000000000000e001170 92 
1248643950.742 1 00000000000000000e001170 97 
1248643950.854 1 00000000000000000e001170 95 
1248643950.966 1 00000000000000000e001170 96 
1248643951.078 1 00000000000000000e001170 96 
1248643951.190 1 00000000000000000e001170 96 
1248643951.301 1 00000000000000000e001170 97 
1248643951.413 1 00000000000000000e001170 97 
1248643951.525 1 00000000000000000e001170 94 
1248643951.637 1 00000000000000000e001170 94 
1248643951.748 1 00000000000000000e001170 94 
1248643951.860 1 00000000000000000e001170 95 
1248643951.972 1 00000000000000000e001170 96 
1248643952.084 1 00000000000000000e001170 96 
1248643952.195 1 00000000000000000e001170 93 
1248643952.307 1 00000000000000000e001170 97 
1248643952.419 1 00000000000000000e001170 97 
1248643952.531 1 00000000000000000e001170 96 
1248643952.643 1 00000000000000000e001170 97 
1248643952.754 1 00000000000000000e001170 97 
1248643952.866 1 00000000000000000e001170 98 
1248643952.978 1 00000000000000000e001170 99 
1248643953.089 1 00000000000000000e001170 96 
1248643953.201 1 00000000000000000e001170 99 
1248643953.313 1 00000000000000000e001170 98 
1248643953.425 1 00000000000000000e001170 97 
1248643953.536 1 00000000000000000e001170 98 
1248643953.648 1 00000000000000000e001170 96 
1248643953.760 1 00000000000000000e001170 99 
1248643953.872 1 00000000000000000e001170 96 
1248643953.983 1 00000000000000000e001170 97 
1248643954.095 1 00000000000000000e001170 99 
1248643954.207 1 00000000000000000e001170 99 
1248643954.319 1 00000000000000000e001170 99 
1248643954.430 1 00000000000000000e001170 98 
1248643954.542 1 00000000000000000e001170 99 
1248643954.654 1 00000000000000000e001170 100 
1248643954.766 1 00000000000000000e001170 98 
1248643954.877 1 00000000000000000e001170 100 
1248643954.989 1 00000000000000000e001170 100 
1248643955.101 1 00000000000000000e001170 98 
1248643955.213 1 00000000000000000e001170 100 
1248643955.324 1 00000000000000000e001170 101 
1248643955.436 1 00000000000000000e001170 97 
1248643955.550 1 00000000000000000e001170 99 
1248643955.660 1 00000000000000000e001170 103 
1248643955.771 1 00000000000000000e001170 103 
1248643955.883 1 00000000000000000e001170 95 
1248643955.995 1 00000000000000000e001170 103 
1248643956.107 1 00000000000000000e001170 102 
1248643956.218 1 00000000000000000e001170 98 
1248643956.330 1 00000000000000000e001170 103 
1248643956.442 1 00000000000000000e001170 102 
1248643956.554 1 00000000000000000e001170 100 
1248643956.665 1 00000000000000000e001170 98 
1248643956.777 1 00000000000000000e001170 100 
1248643956.889 1 00000000000000000e001170 99 
1248643957.001 1 00000000000000000e001170 95 
1248643957.112 1 00000000000000000e001170 93 
1248643957.224 1 00000000000000000e001170 94 
1248643957.336 2 00000000000000000e001170 91 00000000000000000e00114a 79 
1248643957.448 1 00000000000000000e001170 90 
1248643957.559 2 00000000000000000e001170 88 00000000000000000e00114a 78 
1248643957.671 1 00000000000000000e001170 84 
1248643957.783 1 00000000000000000e001170 80 
1248643957.895 1 00000000000000000e001170 80 
1248643958.006 2 00000000000000000e00114a 78 00000000000000000e001170 81 
1248643958.118 1 00000000000000000e00114a 81 
1248643958.230 1 00000000000000000e00114a 76 
1248643958.342 2 00000000000000000e001170 78 00000000000000000e00114a 78 
1248643958.453 1 00000000000000000e001170 78 
1248643958.565 1 00000000000000000e001170 79 
1248643958.677 1 00000000000000000e00114a 80 
1248643958.789 1 00000000000000000e00114a 81 
1248643958.900 1 00000000000000000e00114a 78 
1248643959.012 1 00000000000000000e00114a 79 
1248643959.124 1 00000000000000000e001170 78 
1248643959.236 1 00000000000000000e00114a 78 
1248643959.347 1 00000000000000000e001170 83 
1248643959.523 1 00000000000000000e001170 83 
1248643959.635 1 00000000000000000e001170 82 
1248643959.747 1 00000000000000000e001170 81 
1248643959.922 1 00000000000000000e001170 78 
1248643960.800 1 00000000000000000e001170 79 
1248643960.976 1 00000000000000000e001170 80 
1248643961.088 1 00000000000000000e001170 80 
1248643961.519 1 00000000000000000e001170 82 
1248643961.630 1 00000000000000000e001170 81 
1248643961.742 1 00000000000000000e001170 85 
1248643961.854 1 00000000000000000e001170 81 
1248643961.966 1 00000000000000000e001170 82 
1248643962.077 1 00000000000000000e001170 80 
1248643962.189 1 00000000000000000e001170 77 
1248643962.429 2 00000000000000000e001170 77 00000000000000000e00114a 78 
1248643962.604 1 00000000000000000e001170 79 
1248643962.716 1 00000000000000000e00114a 79 
1248643962.828 1 00000000000000000e001170 81 
1248643962.939 1 00000000000000000e001170 80 
1248643963.051 1 00000000000000000e00114a 80 
1248643963.163 1 00000000000000000e00114a 81 
1248643963.339 1 00000000000000000e00114a 77 
1248643963.450 1 00000000000000000e00114a 82 
1248643963.562 1 00000000000000000e00114a 76 
1248643963.674 1 00000000000000000e001170 77 
1248643963.786 2 00000000000000000e00114a 82 00000000000000000e001170 79 
1248643963.897 2 00000000000000000e001170 82 00000000000000000e00114a 81 
1248643964.009 2 00000000000000000e001170 79 00000000000000000e00114a 82 
1248643964.121 2 00000000000000000e001170 80 00000000000000000e00114a 77 
1248643964.233 2 00000000000000000e001170 80 00000000000000000e00114a 79 
1248643964.344 1 00000000000000000e00114a 80 
1248643964.456 1 00000000000000000e00114a 79 
1248643964.568 1 00000000000000000e00114a 82 
1248643964.680 2 00000000000000000e00114a 80 00000000000000000e001170 79 
1248643964.791 1 00000000000000000e00114a 80 
1248643964.903 1 00000000000000000e00114a 81 
1248643965.015 2 00000000000000000e00114a 81 00000000000000000e001170 80 
1248643965.127 1 00000000000000000e00114a 80 
1248643965.238 1 00000000000000000e00114a 81 
1248643965.350 1 00000000000000000e00114a 80 
1248643965.462 1 00000000000000000e00114a 80 
1248643965.574 1 00000000000000000e00114a 79 
1248643965.686 1 00000000000000000e00114a 80 
1248643965.797 1 00000000000000000e00114a 80 
1248643965.909 1 00000000000000000e00114a 80 
1248643966.084 1 00000000000000000e00114a 78 
1248643966.196 1 00000000000000000e00114a 80 
1248643966.308 1 00000000000000000e00114a 77 
1248643966.420 1 00000000000000000e00114a 79 
1248643966.659 2 00000000000000000e001170 81 00000000000000000e00114a 77 
1248643966.835 2 00000000000000000e00114a 80 00000000000000000e001170 81 
1248643967.010 1 00000000000000000e00114a 79 
1248643967.122 1 00000000000000000e00114a 80 
1248643967.234 1 00000000000000000e00114a 77 
1248643967.346 1 00000000000000000e00114a 81 
1248643967.457 1 00000000000000000e00114a 74 
1248643967.569 1 00000000000000000e00114a 80 
1248643967.745 1 00000000000000000e00114a 80 
1248643967.857 1 00000000000000000e00114a 78 
1248643967.968 1 00000000000000000e00114a 77 
1248643968.080 1 00000000000000000e00114a 81 
1248643968.256 1 00000000000000000e00114a 78 
1248643968.431 1 00000000000000000e00114a 80 
1248643968.607 1 00000000000000000e00114a 78 
1248643968.719 1 00000000000000000e00114a 79 
1248643968.894 1 00000000000000000e00114a 78 
1248643969.070 1 00000000000000000e00114a 76 
1248643969.182 1 00000000000000000e00114a 78 
1248643969.293 1 00000000000000000e00114a 75 
1248643969.469 1 00000000000000000e00114a 77 
1248643969.581 1 00000000000000000e00114a 77 
1248643969.948 1 00000000000000000e00114a 77 
1248643970.060 1 00000000000000000e001170 80 
1248643970.171 1 00000000000000000e00114a 77 
1248643970.347 1 00000000000000000e001170 81 
1248643970.459 1 00000000000000000e001170 76 
1248643971.337 1 00000000000000000e001170 78 
1248643971.449 1 00000000000000000e00114a 75 
1248643971.624 1 00000000000000000e00114a 79 
1248643971.736 1 00000000000000000e00114a 80 
1248643971.848 1 00000000000000000e00114a 80 
1248643971.959 1 00000000000000000e00114a 81 
1248643972.071 1 00000000000000000e00114a 82 
1248643972.183 1 00000000000000000e00114a 84 
1248643972.295 1 00000000000000000e00114a 84 
1248643972.406 1 00000000000000000e00114a 85 
1248643972.518 1 00000000000000000e00114a 86 
1248643972.630 1 00000000000000000e00114a 86 
1248643972.742 1 00000000000000000e00114a 87 
1248643972.853 1 00000000000000000e00114a 82 
1248643972.965 1 00000000000000000e00114a 88 
1248643973.077 1 00000000000000000e00114a 88 
1248643973.189 1 00000000000000000e00114a 86 
1248643973.300 1 00000000000000000e00114a 88 
1248643973.412 1 00000000000000000e00114a 85 
1248643973.524 1 00000000000000000e00114a 87 
1248643973.636 1 00000000000000000e00114a 85 
1248643973.747 1 00000000000000000e00114a 88 
1248643973.859 1 00000000000000000e00114a 89 
1248643973.971 1 00000000000000000e00114a 86 
1248643974.083 1 00000000000000000e00114a 88 
1248643974.194 1 00000000000000000e00114a 86 
1248643974.306 1 00000000000000000e00114a 87 
1248643974.418 1 00000000000000000e00114a 83 
1248643974.530 1 00000000000000000e00114a 83 
1248643974.641 1 00000000000000000e00114a 85 
1248643974.753 1 00000000000000000e00114a 83 
1248643974.865 1 00000000000000000e00114a 84 
1248643974.977 1 00000000000000000e00114a 81 
1248643975.088 1 00000000000000000e00114a 83 
1248643975.200 1 00000000000000000e00114a 85 
1248643975.312 1 00000000000000000e00114a 85 
1248643975.424 1 00000000000000000e00114a 85 
1248643975.535 1 00000000000000000e00114a 83 
1248643975.647 1 00000000000000000e00114a 83 
1248643975.759 1 00000000000000000e00114a 83 
1248643975.871 1 00000000000000000e00114a 82 
1248643975.982 1 00000000000000000e00114a 85 
1248643976.094 1 00000000000000000e00114a 87 
1248643976.206 1 00000000000000000e00114a 81 
1248643976.318 1 00000000000000000e00114a 81 
1248643976.429 1 00000000000000000e00114a 84 
1248643976.541 1 00000000000000000e00114a 81 
1248643976.653 1 00000000000000000e00114a 83 
1248643976.765 1 00000000000000000e00114a 88 
1248643976.876 1 00000000000000000e00114a 83 
1248643976.988 1 00000000000000000e00114a 88 
1248643977.100 1 00000000000000000e00114a 81 
1248643977.212 1 00000000000000000e00114a 88 
1248643977.323 1 00000000000000000e00114a 88 
1248643977.435 1 00000000000000000e00114a 84 
1248643977.548 1 00000000000000000e00114a 81 
1248643977.659 1 00000000000000000e00114a 88 
1248643977.770 1 00000000000000000e00114a 86 
1248643977.882 1 00000000000000000e00114a 79 
1248643977.994 1 00000000000000000e00114a 85 
1248643978.106 1 00000000000000000e00114a 81 
1248643978.218 1 00000000000000000e00114a 85 
1248643978.329 1 00000000000000000e00114a 86 
1248643978.441 1 00000000000000000e00114a 80 
1248643978.553 1 00000000000000000e00114a 86 
1248643978.665 1 00000000000000000e00114a 85 
1248643978.776 1 00000000000000000e00114a 83 
1248643978.889 1 00000000000000000e00114a 84 
1248643979.000 1 00000000000000000e00114a 85 
1248643979.112 1 00000000000000000e00114a 86 
1248643979.223 1 00000000000000000e00114a 82 
1248643979.335 1 00000000000000000e00114a 88 
1248643979.447 1 00000000000000000e00114a 88 
1248643979.559 1 00000000000000000e00114a 82 
1248643979.670 1 00000000000000000e00114a 87 
1248643979.782 1 00000000000000000e00114a 84 
1248643979.894 1 00000000000000000e00114a 84 
1248643980.007 1 00000000000000000e00114a 81 
1248643980.117 1 00000000000000000e00114a 86 
1248643980.229 1 00000000000000000e00114a 87 
1248643980.341 1 00000000000000000e00114a 88 
1248643980.453 1 00000000000000000e00114a 84 
1248643980.564 1 00000000000000000e00114a 87 
1248643980.676 1 00000000000000000e00114a 82 
1248643980.788 1 00000000000000000e00114a 82 
1248643980.900 1 00000000000000000e00114a 83 
1248643981.011 1 00000000000000000e00114a 88 
1248643981.123 1 00000000000000000e00114a 88 
1248643981.235 1 00000000000000000e00114a 88 
1248643981.347 1 00000000000000000e00114a 89 
1248643981.458 1 00000000000000000e00114a 88 
1248643981.570 1 00000000000000000e00114a 82 
1248643981.682 1 00000000000000000e00114a 85 
1248643981.794 1 00000000000000000e00114a 90 
1248643981.905 1 00000000000000000e00114a 89 
1248643982.017 1 00000000000000000e00114a 88 
1248643982.129 1 00000000000000000e00114a 90 
1248643982.241 1 00000000000000000e00114a 91 
1248643982.352 1 00000000000000000e00114a 84 
1248643982.464 1 00000000000000000e00114a 91 
1248643982.576 1 00000000000000000e00114a 89 
1248643982.688 1 00000000000000000e00114a 92 
1248643982.799 1 00000000000000000e00114a 88 
1248643982.911 1 00000000000000000e00114a 91 
1248643983.023 1 00000000000000000e00114a 92 
1248643983.135 1 00000000000000000e00114a 92 
1248643983.246 1 00000000000000000e00114a 88 
1248643983.358 1 00000000000000000e00114a 91 
1248643983.470 1 00000000000000000e00114a 87 
1248643983.582 1 00000000000000000e00114a 86 
1248643983.693 1 00000000000000000e00114a 84 
1248643983.805 1 00000000000000000e00114a 89 
1248643983.917 1 00000000000000000e00114a 93 
1248643984.029 1 00000000000000000e00114a 86 
1248643984.140 1 00000000000000000e00114a 94 
1248643984.252 1 00000000000000000e00114a 96 
1248643984.364 1 00000000000000000e00114a 88 
1248643984.476 1 00000000000000000e00114a 93 
1248643984.587 1 00000000000000000e00114a 97 
1248643984.699 1 00000000000000000e00114a 99 
1248643984.811 1 00000000000000000e00114a 89 
1248643984.923 1 00000000000000000e00114a 100 
1248643985.034 1 00000000000000000e00114a 99 
1248643985.146 1 00000000000000000e00114a 96 
1248643985.258 1 00000000000000000e00114a 100 
1248643985.370 1 00000000000000000e00114a 97 
1248643985.481 1 00000000000000000e00114a 97 
1248643985.593 1 00000000000000000e00114a 95 
1248643985.705 1 00000000000000000e00114a 98 
1248643985.817 1 00000000000000000e00114a 99 
1248643985.928 1 00000000000000000e00114a 99 
1248643986.040 1 00000000000000000e00114a 98 
1248643986.152 1 00000000000000000e00114a 98 
1248643986.264 1 00000000000000000e00114a 96 
1248643986.375 1 00000000000000000e00114a 96 
1248643986.487 1 00000000000000000e00114a 93 
1248643986.599 1 00000000000000000e00114a 94 
1248643986.711 1 00000000000000000e00114a 92 
1248643986.822 1 00000000000000000e00114a 92 
1248643986.934 1 00000000000000000e00114a 92 
1248643987.046 1 00000000000000000e00114a 92 
1248643987.158 1 00000000000000000e00114a 91 
1248643987.269 1 00000000000000000e00114a 90 
1248643987.381 1 00000000000000000e00114a 88 
1248643987.493 1 00000000000000000e00114a 86 
1248643987.605 1 00000000000000000e00114a 82 
1248643987.716 1 00000000000000000e00114a 86 
1248643987.828 1 00000000000000000e00114a 85 
1248643987.940 1 00000000000000000e00114a 81 
1248643988.052 1 00000000000000000e00114a 82 
1248643988.166 1 00000000000000000e00114a 76 
1248643988.275 1 00000000000000000e00114a 77 
1248643988.579 1 00000000000000000e00114a 78 
1248643988.754 1 00000000000000000e00114a 78 
1248643988.866 1 00000000000000000e00114a 81 
1248643989.041 1 00000000000000000e00114a 79 
1248643989.153 1 00000000000000000e00114a 79 
1248643989.265 1 00000000000000000e00114a 79 
1248643989.441 1 00000000000000000e00114a 78 
1248643989.552 1 00000000000000000e00114a 76 
1248643990.239 1 00000000000000000e00114a 77 
1248643990.414 1 00000000000000000e00114a 77 
1248643990.526 1 00000000000000000e00114a 81 
1248643990.702 1 00000000000000000e00114a 81 
1248643990.814 1 00000000000000000e00114a 81 
1248643990.925 1 00000000000000000e00114a 78 
1248643992.059 1 00000000000000000e00114a 75 
1248643992.170 1 00000000000000000e00114a 78 
1248643992.282 1 00000000000000000e00114a 78 
1248643992.394 1 00000000000000000e00114a 80 
1248643992.506 1 00000000000000000e00114a 80 
1248643993.639 1 00000000000000000e00114a 79 
1248643993.751 1 00000000000000000e00114a 80 
1248643993.863 1 00000000000000000e00114a 76 
1248643993.974 1 00000000000000000e00114a 80 
1248643994.342 1 00000000000000000e00114a 79 
1248643994.517 1 00000000000000000e00114a 79 
1248643994.629 1 00000000000000000e00114a 79 
1248643994.741 1 00000000000000000e00114a 79 
1248643994.852 1 00000000000000000e00114a 80 
1248643995.028 1 00000000000000000e00114a 80 
1248643995.331 1 00000000000000000e00114a 76 
1248643995.507 1 00000000000000000e00114a 80 
1248643995.619 1 00000000000000000e00114a 80 
1248643996.497 1 00000000000000000e00114a 80 
1248643997.119 1 00000000000000000e00114a 78 
1248643997.231 1 00000000000000000e00114a 76 
1248643997.343 1 00000000000000000e00114a 80 
1248643997.455 1 00000000000000000e00114a 80 
1248643997.566 1 00000000000000000e00114a 80 
1248643997.679 1 00000000000000000e00114a 80 
1248643997.854 1 00000000000000000e00114a 82 
1248643997.966 1 00000000000000000e00114a 83 
1248643998.077 1 00000000000000000e00114a 78 
1248643998.189 1 00000000000000000e00114a 83 
1248643998.301 1 00000000000000000e00114a 81 
1248643998.604 1 00000000000000000e00114a 79 
1248643998.716 1 00000000000000000e00114a 80 
1248643998.828 1 00000000000000000e00114a 81 
1248643998.939 1 00000000000000000e00114a 76 
1248643999.051 1 00000000000000000e00114a 78 
1248643999.163 1 00000000000000000e00114a 80 
1248643999.275 1 00000000000000000e00114a 76 
1248643999.770 1 00000000000000000e00114a 79 
1248643999.881 1 00000000000000000e00114a 78 
1248643999.993 1 00000000000000000e00114a 80 
1248644000.105 1 00000000000000000e00114a 76 
1248644000.217 1 00000000000000000e00114a 76 
1248644000.328 1 00000000000000000e00114a 80 
1248644000.440 1 00000000000000000e00114a 78 
1248644000.616 1 00000000000000000e00114a 77 
1248644002.579 1 00000000000000000e00114a 77 
1248644002.691 1 00000000000000000e00114a 76 
1248644002.867 1 00000000000000000e00114a 78 
1248644007.257 1 00000000000000000f00115f 83 
1248644007.369 1 00000000000000000f00115f 82 
1248644007.480 1 00000000000000000f00115f 83 
1248644007.592 1 00000000000000000f00115f 86 
1248644007.704 1 00000000000000000f00115f 83 
1248644007.816 1 00000000000000000f00115f 87 
1248644007.927 1 00000000000000000f00115f 84 
1248644008.039 1 00000000000000000f00115f 88 
1248644008.151 1 00000000000000000f00115f 89 
1248644008.263 1 00000000000000000f00115f 83 
1248644008.374 1 00000000000000000f00115f 82 
1248644008.486 1 00000000000000000f00115f 88 
1248644008.598 1 00000000000000000f00115f 90 
1248644008.773 1 00000000000000000f00115f 89 
1248644008.885 1 00000000000000000f00115f 90 
1248644008.997 1 00000000000000000f00115f 86 
1248644009.109 1 00000000000000000f00115f 89 
1248644009.220 1 00000000000000000f00115f 87 
1248644009.332 1 00000000000000000f00115f 87 
1248644009.508 1 00000000000000000f00115f 88 
1248644009.620 1 00000000000000000f00115f 88 
1248644009.795 1 00000000000000000f00115f 88 
1248644009.907 1 00000000000000000f00115f 88 
1248644010.019 1 00000000000000000f00115f 89 
1248644010.194 1 00000000000000000f00115f 83 
1248644010.306 1 00000000000000000f00115f 89 
1248644010.418 1 00000000000000000f00115f 89 
1248644010.593 1 00000000000000000f00115f 85 
1248644010.833 1 00000000000000000f00115f 91 
1248644010.945 1 00000000000000000f00115f 83 
1248644011.056 1 00000000000000000f00115f 88 
1248644011.232 1 00000000000000000f00115f 84 
1248644011.344 1 00000000000000000f00115f 85 
1248644011.455 1 00000000000000000f00115f 91 
1248644011.567 1 00000000000000000f00115f 86 
1248644011.679 1 00000000000000000f00115f 91 
1248644011.791 1 00000000000000000f00115f 89 
1248644011.902 1 00000000000000000f00115f 82 
1248644012.014 1 00000000000000000f00115f 88 
1248644012.126 1 00000000000000000f00115f 83 
1248644012.238 1 00000000000000000f00115f 82 
1248644012.413 1 00000000000000000f00115f 83 
1248644012.525 1 00000000000000000f00115f 90 
1248644012.702 1 00000000000000000f00115f 87 
1248644012.812 1 00000000000000000f00115f 88 
1248644012.924 1 00000000000000000f00115f 89 
1248644013.100 1 00000000000000000f00115f 83 
1248644013.212 1 00000000000000000f00115f 83 
1248644013.387 1 00000000000000000f00115f 90 
1248644013.499 1 00000000000000000f00115f 91 
1248644013.611 1 00000000000000000f00115f 83 
1248644013.914 1 00000000000000000f00115f 92 
1248644014.090 1 00000000000000000f00115f 92 
1248644014.201 1 00000000000000000f00115f 91 
1248644014.377 1 00000000000000000f00115f 89 
1248644014.489 1 00000000000000000f00115f 85 
1248644014.664 1 00000000000000000f00115f 85 
1248644014.840 1 00000000000000000f00115f 92 
1248644015.016 1 00000000000000000f00115f 90 
1248644015.127 1 00000000000000000f00115f 88 
1248644015.239 1 00000000000000000f00115f 89 
1248644015.415 1 00000000000000000f00115f 89 
1248644015.654 1 00000000000000000f00115f 89 
1248644015.766 1 00000000000000000f00115f 87 
1248644015.878 1 00000000000000000f00115f 84 
1248644016.117 1 00000000000000000f00115f 84 
1248644017.442 1 00000000000000000f00115f 84 
1248644017.554 1 00000000000000000f00115f 84 
1248644017.921 1 00000000000000000f00115f 87 
1248644018.033 1 00000000000000000f00115f 86 
1248644018.145 1 00000000000000000f00115f 88 
1248644018.258 2 00000000000000000f00115f 86 00000000000000000f001145 80 
1248644018.368 1 00000000000000000f001145 80 
1248644018.480 2 00000000000000000f00115f 83 00000000000000000f001145 81 
1248644018.655 1 00000000000000000f001145 81 
1248644018.895 1 00000000000000000f001145 79 
1248644019.007 1 00000000000000000f001145 81 
1248644019.182 1 00000000000000000f001145 79 
1248644019.358 1 00000000000000000f001145 80 
1248644019.470 1 00000000000000000f001145 77 
1248644019.581 1 00000000000000000f001145 78 
1248644021.353 1 00000000000000000f00115f 85 
1248644021.465 1 00000000000000000f00115f 87 
1248644021.577 1 00000000000000000f001145 78 
1248644022.391 1 00000000000000000f001145 77 
1248644022.503 1 00000000000000000f001145 78 
1248644022.615 1 00000000000000000f001145 79 
1248644022.726 1 00000000000000000f001145 75 
1248644022.838 1 00000000000000000f001145 81 
1248644022.950 1 00000000000000000f001145 81 
1248644023.062 1 00000000000000000f001145 80 
1248644023.173 1 00000000000000000f001145 80 
1248644023.285 1 00000000000000000f001145 78 
1248644023.397 1 00000000000000000f001145 82 
1248644023.509 1 00000000000000000f001145 81 
1248644023.620 1 00000000000000000f001145 82 
1248644023.732 1 00000000000000000f001145 79 
1248644023.844 1 00000000000000000f001145 82 
1248644023.958 1 00000000000000000f001145 81 
1248644024.067 1 00000000000000000f001145 80 
1248644024.179 1 00000000000000000f001145 82 
1248644024.291 2 00000000000000000f001145 82 00000000000000000f00115f 85 
1248644024.403 1 00000000000000000f001145 81 
1248644024.514 1 00000000000000000f001145 81 
1248644024.626 1 00000000000000000f001145 81 
1248644024.738 1 00000000000000000f001145 81 
1248644024.850 1 00000000000000000f001145 81 
1248644024.961 1 00000000000000000f001145 81 
1248644025.073 1 00000000000000000f001145 80 
1248644025.185 1 00000000000000000f001145 81 
1248644025.297 1 00000000000000000f001145 78 
1248644025.408 1 00000000000000000f001145 81 
1248644025.520 1 00000000000000000f001145 78 
1248644025.632 1 00000000000000000f001145 78 
1248644025.744 1 00000000000000000f001145 82 
1248644025.855 1 00000000000000000f001145 82 
1248644025.967 1 00000000000000000f001145 80 
1248644026.079 1 00000000000000000f001145 80 
1248644026.191 1 00000000000000000f001145 78 
1248644026.302 1 00000000000000000f001145 78 
1248644026.414 1 00000000000000000f001145 80 
1248644026.526 1 00000000000000000f001145 81 
1248644026.638 1 00000000000000000f001145 82 
1248644026.749 1 00000000000000000f001145 81 
1248644026.861 1 00000000000000000f001145 77 
1248644026.973 1 00000000000000000f001145 80 
1248644027.085 1 00000000000000000f001145 80 
1248644027.197 1 00000000000000000f001145 82 
1248644027.308 1 00000000000000000f001145 80 
1248644027.420 1 00000000000000000f001145 82 
1248644027.532 1 00000000000000000f001145 83 
1248644027.644 1 00000000000000000f001145 83 
1248644027.755 1 00000000000000000f001145 82 
1248644027.867 1 00000000000000000f001145 84 
1248644027.979 1 00000000000000000f001145 83 
1248644028.091 1 00000000000000000f001145 83 
1248644028.202 1 00000000000000000f001145 82 
1248644028.314 1 00000000000000000f001145 83 
1248644028.426 1 00000000000000000f001145 84 
1248644028.538 1 00000000000000000f001145 83 
1248644028.649 1 00000000000000000f001145 84 
1248644028.761 1 00000000000000000f001145 83 
1248644028.873 1 00000000000000000f001145 86 
1248644028.985 1 00000000000000000f001145 82 
1248644029.096 1 00000000000000000f001145 81 
1248644029.208 1 00000000000000000f001145 81 
1248644029.320 1 00000000000000000f001145 84 
1248644029.432 1 00000000000000000f001145 84 
1248644029.607 1 00000000000000000f001145 83 
1248644029.719 1 00000000000000000f001145 82 
1248644029.831 1 00000000000000000f001145 82 
1248644029.942 1 00000000000000000f001145 80 
1248644030.054 1 00000000000000000f001145 81 
1248644030.166 1 00000000000000000f001145 80 
1248644030.342 1 00000000000000000f001145 80 
1248644030.453 1 00000000000000000f001145 79 
1248644030.565 1 00000000000000000f001145 81 
1248644030.677 1 00000000000000000f001145 80 
1248644030.789 1 00000000000000000f001145 81 
1248644030.900 1 00000000000000000f001145 79 
1248644031.076 1 00000000000000000f001145 81 
1248644031.188 1 00000000000000000f001145 81 
1248644031.299 1 00000000000000000f001145 81 
1248644031.475 1 00000000000000000f001145 77 
1248644031.714 1 00000000000000000f001145 79 
1248644031.826 1 00000000000000000f001145 80 
1248644031.938 1 00000000000000000f001145 77 
1248644032.114 1 00000000000000000f001145 78 
1248644032.225 1 00000000000000000f001145 80 
1248644032.337 1 00000000000000000f001145 78 
1248644032.449 1 00000000000000000f001145 79 
1248644032.561 1 00000000000000000f001145 79 
1248644032.672 1 00000000000000000f001145 78 
1248644032.784 1 00000000000000000f001145 79 
1248644032.896 1 00000000000000000f001145 80 
1248644033.008 1 00000000000000000f001145 80 
1248644033.119 1 00000000000000000f001145 79 
1248644033.233 1 00000000000000000f001145 80 
1248644033.343 1 00000000000000000f001145 79 
1248644033.455 1 00000000000000000f001145 81 
1248644033.566 1 00000000000000000f001145 82 
1248644033.678 1 00000000000000000f001145 83 
1248644033.790 1 00000000000000000f001145 83 
1248644033.902 1 00000000000000000f001145 84 
1248644034.013 1 00000000000000000f001145 83 
1248644034.125 1 00000000000000000f001145 88 
1248644034.237 1 00000000000000000f001145 79 
1248644034.349 1 00000000000000000f001145 84 
1248644034.460 1 00000000000000000f001145 82 
1248644034.572 1 00000000000000000f001145 87 
1248644034.684 1 00000000000000000f001145 89 
1248644034.796 1 00000000000000000f001145 75 
1248644034.907 1 00000000000000000f001145 88 
1248644035.019 1 00000000000000000f001145 88 
1248644035.131 1 00000000000000000f001145 81 
1248644035.243 1 00000000000000000f001145 83 
1248644035.354 1 00000000000000000f001145 87 
1248644035.466 1 00000000000000000f001145 88 
1248644035.578 1 00000000000000000f001145 77 
1248644035.690 1 00000000000000000f001145 88 
1248644035.801 1 00000000000000000f001145 88 
1248644035.913 1 00000000000000000f001145 80 
1248644036.025 1 00000000000000000f001145 86 
1248644036.137 1 00000000000000000f001145 84 
1248644036.248 1 00000000000000000f001145 84 
1248644036.424 1 00000000000000000f001145 83 
1248644036.536 1 00000000000000000f001145 84 
1248644036.648 1 00000000000000000f001145 82 
1248644036.823 1 00000000000000000f001145 78 
1248644037.063 1 00000000000000000f001145 81 
1248644037.174 1 00000000000000000f001145 81 
1248644037.286 1 00000000000000000f001145 80 
1248644037.462 1 00000000000000000f001145 81 
1248644037.573 1 00000000000000000f001145 82 
1248644037.685 1 00000000000000000f001145 80 
1248644037.797 1 00000000000000000f001145 82 
1248644037.909 2 00000000000000000f001145 83 00000000000000000e001146 80 
1248644038.020 1 00000000000000000f001145 83 
1248644038.132 1 00000000000000000f001145 84 
1248644038.244 1 00000000000000000f001145 87 
1248644038.356 1 00000000000000000f001145 88 
1248644038.467 1 00000000000000000f001145 85 
1248644038.581 1 00000000000000000f001145 89 
1248644038.691 1 00000000000000000f001145 90 
1248644038.803 2 00000000000000000e001146 81 00000000000000000f001145 89 
1248644038.914 1 00000000000000000f001145 89 
1248644039.026 1 00000000000000000f001145 93 
1248644039.138 1 00000000000000000f001145 92 
1248644039.250 1 00000000000000000f001145 92 
1248644039.361 1 00000000000000000f001145 88 
1248644039.474 1 00000000000000000f001145 91 
1248644039.585 1 00000000000000000f001145 88 
1248644039.698 1 00000000000000000f001145 87 
1248644039.808 1 00000000000000000f001145 88 
1248644039.920 1 00000000000000000f001145 90 
1248644040.032 1 00000000000000000f001145 93 
1248644040.144 1 00000000000000000f001145 89 
1248644040.255 1 00000000000000000f001145 93 
1248644040.367 1 00000000000000000f001145 94 
1248644040.479 1 00000000000000000f001145 89 
1248644040.591 1 00000000000000000f001145 91 
1248644040.702 1 00000000000000000f001145 90 
1248644040.814 1 00000000000000000f001145 92 
1248644040.926 1 00000000000000000f001145 91 
1248644041.038 1 00000000000000000f001145 91 
1248644041.149 1 00000000000000000f001145 91 
1248644041.261 1 00000000000000000f001145 88 
1248644041.373 1 00000000000000000f001145 90 
1248644041.485 1 00000000000000000f001145 89 
1248644041.596 1 00000000000000000f001145 84 
1248644041.708 1 00000000000000000f001145 83 
1248644041.820 1 00000000000000000f001145 84 
1248644041.932 1 00000000000000000f001145 84 
1248644042.044 1 00000000000000000f001145 81 
1248644042.538 1 00000000000000000f001145 77 
1248644042.778 1 00000000000000000f001145 80 
1248644042.953 1 00000000000000000f001145 81 
1248644043.065 1 00000000000000000f001145 81 
1248644043.177 1 00000000000000000f001145 81 
1248644043.289 1 00000000000000000f001145 84 
1248644043.400 1 00000000000000000f001145 80 
1248644043.512 1 00000000000000000f001145 78 
1248644043.624 1 00000000000000000f001145 86 
1248644043.736 1 00000000000000000f001145 80 
1248644043.847 1 00000000000000000f001145 85 
1248644043.959 1 00000000000000000f001145 87 
1248644044.071 1 00000000000000000f001145 88 
1248644044.183 1 00000000000000000f001145 86 
1248644044.295 1 00000000000000000f001145 87 
1248644044.406 1 00000000000000000f001145 88 
1248644044.518 1 00000000000000000f001145 89 
1248644044.630 1 00000000000000000f001145 88 
1248644044.741 1 00000000000000000f001145 90 
1248644044.853 1 00000000000000000f001145 91 
1248644044.965 1 00000000000000000f001145 92 
1248644045.077 1 00000000000000000f001145 91 
1248644045.189 1 00000000000000000f001145 89 
1248644045.300 1 00000000000000000f001145 90 
1248644045.412 1 00000000000000000f001145 93 
1248644045.524 1 00000000000000000f001145 90 
1248644045.636 1 00000000000000000f001145 94 
1248644045.750 1 00000000000000000f001145 91 
1248644045.859 1 00000000000000000f001145 91 
1248644045.971 1 00000000000000000f001145 88 
1248644046.083 1 00000000000000000f001145 88 
1248644046.194 1 00000000000000000f001145 87 
1248644046.306 1 00000000000000000f001145 85 
1248644046.418 2 00000000000000000f001145 90 00000000000000000e001146 80 
1248644046.530 1 00000000000000000f001145 85 
1248644046.641 2 00000000000000000f001145 89 00000000000000000e001146 80 
1248644046.753 1 00000000000000000f001145 85 
1248644046.865 1 00000000000000000f001145 86 
1248644046.977 1 00000000000000000f001145 88 
1248644047.088 1 00000000000000000f001145 84 
1248644047.200 2 00000000000000000f001145 85 00000000000000000e001146 80 
1248644047.312 1 00000000000000000f001145 88 
1248644047.424 2 00000000000000000f001145 88 00000000000000000e001146 80 
1248644047.535 1 00000000000000000f001145 86 
1248644047.647 1 00000000000000000f001145 87 
1248644047.759 1 00000000000000000f001145 86 
1248644047.871 2 00000000000000000f001145 87 00000000000000000e001146 82 
1248644047.982 1 00000000000000000f001145 83 
1248644048.094 1 00000000000000000f001145 82 
1248644048.206 1 00000000000000000f001145 82 
1248644048.318 1 00000000000000000f001145 79 
1248644048.429 1 00000000000000000f001145 81 
1248644048.541 2 00000000000000000f001145 82 00000000000000000e001146 82 
1248644048.653 1 00000000000000000e001146 84 
1248644048.765 1 00000000000000000e001146 82 
1248644048.876 1 00000000000000000f001145 83 
1248644048.988 1 00000000000000000e001146 81 
1248644049.100 1 00000000000000000f001145 79 
1248644049.403 2 00000000000000000e001146 80 00000000000000000f001145 82 
1248644049.579 1 00000000000000000f001145 78 
1248644049.691 1 00000000000000000f001145 84 
1248644049.802 1 00000000000000000f001145 85 
1248644049.914 1 00000000000000000f001145 82 
1248644050.026 1 00000000000000000f001145 85 
1248644050.138 1 00000000000000000f001145 86 
1248644050.249 1 00000000000000000f001145 84 
1248644050.361 1 00000000000000000f001145 81 
1248644050.473 1 00000000000000000f001145 88 
1248644050.585 1 00000000000000000f001145 88 
1248644050.696 1 00000000000000000f001145 80 
1248644050.808 1 00000000000000000f001145 84 
1248644050.920 1 00000000000000000f001145 81 
1248644051.032 1 00000000000000000f001145 83 
1248644051.143 1 00000000000000000f001145 78 
1248644051.319 1 00000000000000000f001145 79 
1248644051.559 1 00000000000000000f001145 79 
1248644051.862 1 00000000000000000f001145 81 
1248644052.037 1 00000000000000000f001145 80 
1248644052.851 1 00000000000000000e001146 80 
1248644052.963 1 00000000000000000e001146 83 
1248644053.075 1 00000000000000000e001146 88 
1248644053.187 1 00000000000000000e001146 85 
1248644053.298 1 00000000000000000e001146 88 
1248644053.474 1 00000000000000000e001146 88 
1248644053.586 1 00000000000000000e001146 88 
1248644053.698 1 00000000000000000e001146 81 
1248644053.809 1 00000000000000000e001146 84 
1248644054.623 1 00000000000000000e001146 80 
1248644054.735 1 00000000000000000e001146 81 
1248644054.911 1 00000000000000000e001146 81 
1248644055.150 1 00000000000000000f001145 80 
1248644055.326 1 00000000000000000f001145 77 
1248644059.525 1 00000000000000000e001146 81 
1248644059.700 1 00000000000000000e001146 83 
1248644059.812 1 00000000000000000e001146 84 
1248644059.987 1 00000000000000000e001146 81 
1248644060.099 1 00000000000000000e001146 83 
1248644060.211 1 00000000000000000e001146 83 
1248644060.323 1 00000000000000000e001146 84 
1248644060.434 1 00000000000000000e001146 83 
1248644060.546 1 00000000000000000e001146 83 
1248644060.658 1 00000000000000000e001146 81 
1248644060.770 1 00000000000000000e001146 83 
1248644060.881 1 00000000000000000e001146 80 
1248644060.993 1 00000000000000000e001146 83 
1248644062.191 1 00000000000000000e001146 83 
1248644062.366 1 00000000000000000e001146 83 
1248644064.457 1 00000000000000000e001146 80 
1248644065.144 1 00000000000000000e001146 82 
1248644065.256 1 00000000000000000e001146 82 
1248644065.367 1 00000000000000000e001146 87 
1248644065.543 1 00000000000000000e001146 87 
1248644065.655 1 00000000000000000e001146 86 
1248644065.830 1 00000000000000000e001146 84 
1248644066.454 1 00000000000000000e001146 81 
1248644066.692 1 00000000000000000e001146 82 
1248644066.804 1 00000000000000000e001146 85 
1248644066.980 2 00000000000000000e001146 83 00000000000000000e00115e 81 
1248644067.283 1 00000000000000000e00115e 83 
1248644067.395 1 00000000000000000e00115e 83 
1248644067.571 1 00000000000000000e00115e 84 
1248644067.682 2 00000000000000000e00115e 85 00000000000000000e001146 82 
1248644067.858 1 00000000000000000e00115e 79 
1248644067.970 1 00000000000000000e00115e 82 
1248644068.209 1 00000000000000000e00115e 80 
1248644068.321 1 00000000000000000e00115e 83 
1248644068.433 1 00000000000000000e00115e 80 
1248644068.544 1 00000000000000000e00115e 81 
1248644068.656 1 00000000000000000e00115e 82 
1248644068.768 1 00000000000000000e00115e 82 
1248644068.943 1 00000000000000000e00115e 82 
1248644069.055 1 00000000000000000e00115e 83 
1248644069.167 1 00000000000000000e00115e 83 
1248644069.343 1 00000000000000000e00115e 82 
1248644069.454 1 00000000000000000e00115e 82 
1248644069.566 1 00000000000000000e00115e 79 
1248644069.678 1 00000000000000000e00115e 84 
1248644069.853 1 00000000000000000e00115e 86 
1248644069.965 1 00000000000000000e00115e 79 
1248644070.077 1 00000000000000000e00115e 82 
1248644070.189 1 00000000000000000e00115e 88 
1248644070.300 1 00000000000000000e00115e 86 
1248644070.412 1 00000000000000000e00115e 87 
1248644070.524 1 00000000000000000e00115e 85 
1248644070.636 1 00000000000000000e00115e 85 
1248644070.747 1 00000000000000000e00115e 80 
1248644070.859 1 00000000000000000e00115e 87 
1248644070.971 1 00000000000000000e00115e 87 
1248644071.147 1 00000000000000000e00115e 85 
1248644071.258 1 00000000000000000e00115e 84 
1248644071.370 1 00000000000000000e00115e 83 
1248644071.546 1 00000000000000000e00115e 82 
1248644071.657 1 00000000000000000e00115e 81 
1248644071.770 1 00000000000000000e00115e 80 
1248644072.520 1 00000000000000000e00115e 81 
1248644072.759 1 00000000000000000e00115e 81 
1248644072.871 1 00000000000000000e00115e 80 
1248644072.983 1 00000000000000000e00115e 84 
1248644073.094 1 00000000000000000e00115e 81 
1248644073.206 1 00000000000000000e00115e 84 
1248644073.318 1 00000000000000000e00115e 80 
1248644073.558 1 00000000000000000e00115e 82 
1248644073.733 1 00000000000000000e00115e 81 
1248644073.844 1 00000000000000000e00115e 82 
1248644073.956 1 00000000000000000e00115e 82 
1248644074.068 1 00000000000000000e00115e 83 
1248644074.180 1 00000000000000000e00115e 83 
1248644074.292 1 00000000000000000e00115e 81 
1248644074.403 1 00000000000000000e00115e 83 
1248644074.515 1 00000000000000000e00115e 80 
1248644074.627 1 00000000000000000e00115e 80 
1248644074.739 1 00000000000000000e00115e 87 
1248644074.850 1 00000000000000000e00115e 80 
1248644074.962 1 00000000000000000e00115e 83 
1248644075.074 1 00000000000000000e00115e 89 
1248644075.186 1 00000000000000000e00115e 83 
1248644075.298 1 00000000000000000e00115e 83 
1248644075.409 1 00000000000000000e00115e 86 
1248644075.521 1 00000000000000000e00115e 89 
1248644075.633 1 00000000000000000e00115e 85 
1248644075.744 1 00000000000000000e00115e 86 
1248644075.856 1 00000000000000000e00115e 89 
1248644075.968 1 00000000000000000e00115e 89 
1248644076.080 1 00000000000000000e00115e 85 
1248644076.191 1 00000000000000000e00115e 86 
1248644076.303 1 00000000000000000e00115e 89 
1248644076.415 1 00000000000000000e00115e 83 
1248644076.527 1 00000000000000000e00115e 89 
1248644076.638 1 00000000000000000e00115e 89 
1248644076.750 1 00000000000000000e00115e 87 
1248644076.862 1 00000000000000000e00115e 86 
1248644076.974 1 00000000000000000e00115e 88 
1248644077.085 1 00000000000000000e00115e 86 
1248644077.197 1 00000000000000000e00115e 88 
1248644077.309 1 00000000000000000e00115e 82 
1248644077.421 1 00000000000000000e00115e 87 
1248644077.532 1 00000000000000000e00115e 89 
1248644077.644 1 00000000000000000e00115e 84 
1248644077.756 1 00000000000000000e00115e 87 
1248644077.868 1 00000000000000000e00115e 89 
1248644077.979 1 00000000000000000e00115e 86 
1248644078.091 1 00000000000000000e00115e 89 
1248644078.203 1 00000000000000000e00115e 89 
1248644078.315 1 00000000000000000e00115e 88 
1248644078.426 1 00000000000000000e00115e 89 
1248644078.538 1 00000000000000000e00115e 88 
1248644078.650 1 00000000000000000e00115e 88 
1248644078.762 1 00000000000000000e00115e 90 
1248644078.873 1 00000000000000000e00115e 88 
1248644078.985 1 00000000000000000e00115e 90 
1248644079.097 1 00000000000000000e00115e 87 
1248644079.209 1 00000000000000000e00115e 88 
1248644079.320 1 00000000000000000e00115e 90 
1248644079.432 1 00000000000000000e00115e 91 
1248644079.544 1 00000000000000000e00115e 84 
1248644079.656 1 00000000000000000e00115e 87 
1248644079.767 1 00000000000000000e00115e 83 
1248644079.879 1 00000000000000000e00115e 88 
1248644079.991 1 00000000000000000e00115e 82 
1248644080.103 1 00000000000000000e00115e 80 
1248644080.214 1 00000000000000000e00115e 84 
1248644080.326 1 00000000000000000e00115e 89 
1248644080.438 1 00000000000000000e00115e 83 
1248644080.550 1 00000000000000000e00115e 83 
1248644080.661 1 00000000000000000e00115e 87 
1248644080.773 1 00000000000000000e00115e 82 
1248644080.885 1 00000000000000000e00115e 88 
1248644080.997 1 00000000000000000e00115e 87 
1248644081.108 1 00000000000000000e00115e 89 
1248644081.220 1 00000000000000000e00115e 87 
1248644081.332 1 00000000000000000e00115e 84 
1248644081.444 1 00000000000000000e00115e 82 
1248644081.555 1 00000000000000000e00115e 85 
1248644081.667 1 00000000000000000e00115e 82 
1248644081.779 1 00000000000000000e00115e 90 
1248644081.891 1 00000000000000000e00115e 83 
1248644082.002 1 00000000000000000e00115e 83 
1248644082.114 1 00000000000000000e00115e 87 
1248644082.226 1 00000000000000000e00115e 87 
1248644082.402 1 00000000000000000e00115e 87 
1248644082.513 1 00000000000000000e00115e 82 
1248644082.625 1 00000000000000000e00115e 82 
1248644082.737 1 00000000000000000e00115e 83 
1248644082.849 1 00000000000000000e00115e 83 
1248644083.024 1 00000000000000000e00115e 80 
1248644083.136 1 00000000000000000e00115e 80 
1248644084.333 1 00000000000000000e00114e 77 
1248644084.509 1 00000000000000000e00115e 80 
1248644084.684 1 00000000000000000e00115e 81 
1248644084.796 1 00000000000000000e00115e 83 
1248644084.908 1 00000000000000000e00115e 80 
1248644085.020 1 00000000000000000e00115e 88 
1248644085.131 1 00000000000000000e00115e 87 
1248644085.243 1 00000000000000000e00115e 81 
1248644085.355 1 00000000000000000e00115e 87 
1248644085.467 1 00000000000000000e00115e 88 
1248644085.578 1 00000000000000000e00115e 90 
1248644085.690 1 00000000000000000e00115e 82 
1248644085.802 1 00000000000000000e00115e 91 
1248644085.914 1 00000000000000000e00115e 91 
1248644086.025 1 00000000000000000e00115e 90 
1248644086.137 1 00000000000000000e00115e 93 
1248644086.249 1 00000000000000000e00115e 93 
1248644086.361 1 00000000000000000e00115e 92 
1248644086.472 1 00000000000000000e00115e 90 
1248644086.584 1 00000000000000000e00115e 94 
1248644086.696 1 00000000000000000e00115e 96 
1248644086.808 1 00000000000000000e00115e 96 
1248644086.919 1 00000000000000000e00115e 88 
1248644087.031 1 00000000000000000e00115e 93 
1248644087.143 1 00000000000000000e00115e 84 
1248644087.255 1 00000000000000000e00115e 86 
1248644087.367 1 00000000000000000e00115e 85 
1248644087.478 1 00000000000000000e00115e 89 
1248644087.590 1 00000000000000000e00115e 90 
1248644087.702 1 00000000000000000e00115e 88 
1248644087.815 1 00000000000000000e00115e 89 
1248644087.925 1 00000000000000000e00115e 88 
1248644088.037 1 00000000000000000e00115e 86 
1248644088.149 1 00000000000000000e00115e 89 
1248644088.261 1 00000000000000000e00115e 90 
1248644088.372 1 00000000000000000e00115e 89 
1248644088.484 1 00000000000000000e00115e 84 
1248644088.596 1 00000000000000000e00115e 89 
1248644088.708 1 00000000000000000e00115e 88 
1248644088.819 1 00000000000000000e00115e 86 
1248644088.931 1 00000000000000000e00115e 88 
1248644089.043 1 00000000000000000e00115e 87 
1248644089.155 1 00000000000000000e00115e 82 
1248644089.266 1 00000000000000000e00115e 87 
1248644089.378 1 00000000000000000e00115e 81 
1248644089.490 1 00000000000000000e00115e 82 
1248644089.602 1 00000000000000000e00115e 82 
1248644089.713 1 00000000000000000e00115e 80 
1248644089.825 1 00000000000000000e00115e 78 
1248644090.192 1 00000000000000000e00115e 80 
1248644090.879 1 00000000000000000e00115e 77 
1248644091.118 1 00000000000000000e00115e 78 
1248644091.485 1 00000000000000000e00115e 79 
1248644091.725 1 00000000000000000e00115e 82 
1248644091.900 1 00000000000000000e00115e 79 
1248644092.012 1 00000000000000000e00115e 83 
1248644092.124 1 00000000000000000e00115e 88 
1248644092.300 1 00000000000000000e00115e 90 
1248644092.411 1 00000000000000000e00115e 87 
1248644092.587 1 00000000000000000e00115e 85 
1248644094.870 1 00000000000000000e00114e 78 
1248644095.045 1 00000000000000000e00114e 79 
1248644095.157 1 00000000000000000e00114e 79 
1248644095.269 1 00000000000000000e00114e 78 
1248644095.381 1 00000000000000000e00114e 77 
1248644095.492 1 00000000000000000e00114e 80 
1248644095.604 1 00000000000000000e00114e 80 
1248644095.716 1 00000000000000000e00114e 81 
1248644095.828 1 00000000000000000e00114e 78 
1248644095.939 1 00000000000000000e00114e 81 
1248644096.051 1 00000000000000000e00114e 81 
1248644096.163 1 00000000000000000e00114e 77 
1248644096.278 1 00000000000000000e00114e 80 
1248644096.386 1 00000000000000000e00114e 80 
1248644096.498 1 00000000000000000e00114e 81 
1248644096.674 1 00000000000000000e00114e 78 
1248644096.785 1 00000000000000000e00114e 81 
1248644096.897 1 00000000000000000e00114e 78 
1248644097.009 1 00000000000000000e00114e 80 
1248644097.121 1 00000000000000000e00114e 78 
1248644097.232 1 00000000000000000e00114e 82 
1248644097.344 1 00000000000000000e00114e 83 
1248644097.456 1 00000000000000000e00114e 80 
1248644097.568 1 00000000000000000e00114e 80 
1248644097.679 1 00000000000000000e00114e 83 
1248644097.791 1 00000000000000000e00114e 78 
1248644097.903 1 00000000000000000e00114e 82 
1248644098.015 1 00000000000000000e00114e 82 
1248644098.127 1 00000000000000000e00114e 83 
1248644098.238 2 00000000000000000e00115e 82 00000000000000000e00114e 80 
1248644098.350 1 00000000000000000e00114e 83 
1248644098.462 1 00000000000000000e00114e 82 
1248644098.574 1 00000000000000000e00114e 82 
1248644098.685 1 00000000000000000e00114e 85 
1248644098.797 1 00000000000000000e00114e 83 
1248644098.973 1 00000000000000000e00114e 85 
1248644099.084 1 00000000000000000e00114e 82 
1248644099.196 1 00000000000000000e00114e 83 
1248644099.308 1 00000000000000000e00114e 81 
1248644099.420 1 00000000000000000e00114e 81 
1248644099.532 1 00000000000000000e00114e 81 
1248644099.707 1 00000000000000000e00114e 79 
1248644100.074 1 00000000000000000e00114e 80 
1248644100.250 1 00000000000000000e00114e 80 
1248644100.489 1 00000000000000000e00114e 79 
1248644100.665 2 00000000000000000e00114e 80 00000000000000000e00115e 81 
1248644100.777 1 00000000000000000e00114e 80 
1248644100.888 2 00000000000000000e00114e 83 00000000000000000e00115e 80 
1248644101.000 1 00000000000000000e00114e 83 
1248644101.112 1 00000000000000000e00114e 80 
1248644101.224 1 00000000000000000e00114e 80 
1248644101.337 1 00000000000000000e00114e 81 
1248644101.447 1 00000000000000000e00114e 80 
1248644101.559 1 00000000000000000e00114e 83 
1248644101.671 2 00000000000000000e00114e 82 00000000000000000e00115e 79 
1248644101.782 1 00000000000000000e00114e 79 
1248644101.894 1 00000000000000000e00114e 84 
1248644102.006 1 00000000000000000e00114e 83 
1248644102.118 1 00000000000000000e00114e 78 
1248644102.229 1 00000000000000000e00114e 81 
1248644102.341 1 00000000000000000e00114e 79 
1248644102.453 1 00000000000000000e00114e 84 
1248644102.565 1 00000000000000000e00114e 76 
1248644102.676 1 00000000000000000e00114e 81 
1248644102.788 1 00000000000000000e00114e 81 
1248644102.900 1 00000000000000000e00114e 76 
1248644103.012 1 00000000000000000e00114e 83 
1248644103.123 1 00000000000000000e00114e 84 
1248644103.235 1 00000000000000000e00114e 87 
1248644103.347 1 00000000000000000e00114e 83 
1248644103.459 1 00000000000000000e00114e 84 
1248644103.570 1 00000000000000000e00114e 83 
1248644103.682 1 00000000000000000e00114e 86 
1248644103.794 1 00000000000000000e00114e 82 
1248644103.906 1 00000000000000000e00114e 84 
1248644104.017 1 00000000000000000e00114e 85 
1248644104.131 1 00000000000000000e00114e 87 
1248644104.241 1 00000000000000000e00114e 85 
1248644104.353 1 00000000000000000e00114e 80 
1248644104.464 1 00000000000000000e00114e 86 
1248644104.576 1 00000000000000000e00114e 85 
1248644104.688 2 00000000000000000e00114e 84 00000000000000000e00115e 80 
1248644104.800 2 00000000000000000e00114e 84 00000000000000000e00115e 81 
1248644104.911 1 00000000000000000e00114e 85 
1248644105.023 1 00000000000000000e00114e 84 
1248644105.135 1 00000000000000000e00114e 85 
1248644105.247 1 00000000000000000e00114e 75 
1248644105.358 1 00000000000000000e00114e 86 
1248644105.470 1 00000000000000000e00114e 86 
1248644105.582 1 00000000000000000e00114e 88 
1248644105.694 1 00000000000000000e00114e 90 
1248644105.805 1 00000000000000000e00114e 86 
1248644105.917 1 00000000000000000e00114e 88 
1248644106.029 1 00000000000000000e00114e 88 
1248644106.141 1 00000000000000000e00114e 89 
1248644106.252 1 00000000000000000e00114e 82 
1248644106.364 1 00000000000000000e00114e 86 
1248644106.476 1 00000000000000000e00114e 79 
1248644106.588 1 00000000000000000e00114e 81 
1248644106.699 1 00000000000000000e00114e 80 
1248644106.814 1 00000000000000000e00114e 85 
1248644106.923 1 00000000000000000e00114e 85 
1248644107.035 1 00000000000000000e00114e 78 
1248644107.146 1 00000000000000000e00114e 85 
1248644107.258 1 00000000000000000e00114e 86 
1248644107.370 1 00000000000000000e00114e 86 
1248644107.482 1 00000000000000000e00114e 88 
1248644107.594 1 00000000000000000e00114e 90 
1248644107.705 1 00000000000000000e00114e 89 
1248644107.817 1 00000000000000000e00114e 82 
1248644107.929 1 00000000000000000e00114e 88 
1248644108.041 1 00000000000000000e00114e 88 
1248644108.152 1 00000000000000000e00114e 90 
1248644108.264 1 00000000000000000e00114e 91 
1248644108.376 1 00000000000000000e00114e 92 
1248644108.488 1 00000000000000000e00114e 93 
1248644108.599 1 00000000000000000e00114e 91 
1248644108.711 1 00000000000000000e00114e 92 
1248644108.823 1 00000000000000000e00114e 92 
1248644108.935 1 00000000000000000e00114e 92 
1248644109.046 1 00000000000000000e00114e 92 
1248644109.158 1 00000000000000000e00114e 96 
1248644109.270 1 00000000000000000e00114e 87 
1248644109.382 1 00000000000000000e00114e 90 
1248644109.493 1 00000000000000000e00114e 88 
1248644109.605 1 00000000000000000e00114e 93 
1248644109.717 1 00000000000000000e00114e 94 
1248644109.829 1 00000000000000000e00114e 84 
1248644109.940 1 00000000000000000e00114e 95 
1248644110.052 1 00000000000000000e00114e 95 
1248644110.164 1 00000000000000000e00114e 89 
1248644110.276 1 00000000000000000e00114e 91 
1248644110.387 1 00000000000000000e00114e 96 
1248644110.499 1 00000000000000000e00114e 97 
1248644110.611 1 00000000000000000e00114e 80 
1248644110.723 1 00000000000000000e00114e 85 
1248644110.834 1 00000000000000000e00114e 88 
1248644110.946 1 00000000000000000e00114e 85 
1248644111.058 1 00000000000000000e00114e 91 
1248644111.170 1 00000000000000000e00114e 88 
1248644111.282 1 00000000000000000e00114e 95 
1248644111.393 1 00000000000000000e00114e 96 
1248644111.505 1 00000000000000000e00114e 89 
1248644111.617 1 00000000000000000e00114e 95 
1248644111.729 1 00000000000000000e00114e 94 
1248644111.840 1 00000000000000000e00114e 94 
1248644111.952 1 00000000000000000e00114e 90 
1248644112.064 1 00000000000000000e00114e 96 
1248644112.175 1 00000000000000000e00114e 94 
1248644112.292 1 00000000000000000e00114e 85 
1248644112.399 1 00000000000000000e00114e 93 
1248644112.511 1 00000000000000000e00114e 91 
1248644112.622 1 00000000000000000e00114e 90 
1248644112.734 1 00000000000000000e00114e 89 
1248644112.848 1 00000000000000000e00114e 89 
1248644112.958 1 00000000000000000e00114e 92 
1248644113.069 1 00000000000000000e00114e 88 
1248644113.181 1 00000000000000000e00114e 91 
1248644113.293 1 00000000000000000e00114e 90 
1248644113.405 1 00000000000000000e00114e 90 
1248644113.516 1 00000000000000000e00114e 89 
1248644113.628 1 00000000000000000e00114e 90 
1248644113.740 1 00000000000000000e00114e 91 
1248644113.852 1 00000000000000000e00114e 94 
1248644113.963 1 00000000000000000e00114e 92 
1248644114.075 1 00000000000000000e00114e 90 
1248644114.187 1 00000000000000000e00114e 89 
1248644114.299 1 00000000000000000e00114e 90 
1248644114.410 1 00000000000000000e00114e 90 
1248644114.522 1 00000000000000000e00114e 92 
1248644114.634 1 00000000000000000e00114e 90 
1248644114.746 1 00000000000000000e00114e 92 
1248644114.857 1 00000000000000000e00114e 89 
1248644114.969 1 00000000000000000e00114e 89 
1248644115.081 1 00000000000000000e00114e 90 
1248644115.193 1 00000000000000000e00114e 89 
1248644115.304 1 00000000000000000e00114e 89 
1248644115.416 1 00000000000000000e00114e 83 
1248644115.528 1 00000000000000000e00114e 86 
1248644115.640 1 00000000000000000e00114e 85 
1248644115.751 1 00000000000000000e00114e 86 
1248644115.863 1 00000000000000000e00114e 86 
1248644115.975 1 00000000000000000e00114e 81 
1248644116.087 1 00000000000000000e00114e 78 
1248644116.198 1 00000000000000000e00114e 82 
1248644116.310 1 00000000000000000e00114e 83 
1248644116.422 1 00000000000000000e00114e 83 
1248644116.534 1 00000000000000000e00114e 77 
1248644116.645 1 00000000000000000e00114e 81 
1248644116.757 1 00000000000000000e00114e 79 
1248644116.869 1 00000000000000000e00114e 83 
1248644116.981 1 00000000000000000e00114e 81 
1248644117.092 1 00000000000000000e00114e 77 
1248644117.332 1 00000000000000000e00114e 76 
1248644117.571 1 00000000000000000e00114e 80 
1248644117.747 1 00000000000000000e00114e 81 
1248644117.859 1 00000000000000000e00114e 77 
1248644117.971 1 00000000000000000e00114e 80 
1248644118.082 1 00000000000000000e00114e 81 
1248644118.258 1 00000000000000000e00114e 77 
1248644118.370 1 00000000000000000e00114e 77 
1248644118.481 1 00000000000000000e00114e 77 
1248644121.023 1 00000000000000000e00114e 76 
1248644121.131 1 00000000000000000e00114e 78 
1248644121.307 1 00000000000000000e00114e 81 
1248644121.547 1 00000000000000000e00114e 81 
1248644121.850 1 00000000000000000e00114e 80 
1248644121.962 1 00000000000000000e00114e 80 
1248644122.073 1 00000000000000000e00114e 78 
1248644122.187 1 00000000000000000e00114e 79 
1248644122.297 1 00000000000000000e00114e 80 
1248644122.472 1 00000000000000000e00114e 78 
1248644123.287 1 00000000000000000e00114e 79 
1248644123.590 1 00000000000000000e00114e 78 
1248644123.702 1 00000000000000000e00114e 79 
1248644124.069 1 00000000000000000e00114e 77 
1248644124.181 1 00000000000000000e00114e 80 
1248644124.308 1 00000000000000000e00114e 78 
1248644124.420 1 00000000000000000e00114e 79 
1248644124.532 1 00000000000000000e00114e 77 
1248644124.707 1 00000000000000000e00114e 78 
1248644125.330 1 00000000000000000e00114e 79 
1248644125.635 1 00000000000000000e00114e 78 
1248644125.746 1 00000000000000000e00114e 76 
1248644126.176 1 00000000000000000e00114e 80 
1248644127.118 1 00000000000000000e00114e 77 
1248644127.421 1 00000000000000000e00114e 78 
1248644127.533 1 00000000000000000e00114e 77 
1248644127.964 1 00000000000000000e00114e 80 
1248644128.140 1 00000000000000000e00114e 79 
1248644128.954 1 00000000000000000e00114e 79 
1248644129.257 1 00000000000000000e00114e 79 
1248644129.369 1 00000000000000000e00114e 76 
1248644129.800 1 00000000000000000e00114e 80 
1248644129.976 1 00000000000000000e00114e 76 
1248644134.558 1 00000000000000000e00114e 77 
1248644134.669 1 00000000000000000e00114e 78 
1248644134.781 1 00000000000000000e00114e 83 
1248644134.893 1 00000000000000000e00114e 88 
1248644135.005 1 00000000000000000e00114e 94 
1248644135.116 1 00000000000000000e00114e 95 
1248644135.228 1 00000000000000000e00114e 97 
1248644135.340 1 00000000000000000e00114e 97 
1248644135.452 1 00000000000000000e00114e 95 
1248644135.563 1 00000000000000000e00114e 98 
1248644135.675 1 00000000000000000e00114e 97 
1248644135.787 1 00000000000000000e00114e 97 
1248644135.899 1 00000000000000000e00114e 97 
1248644136.020 1 00000000000000000e00114e 98 
1248644136.138 1 00000000000000000e00114e 97 
1248644136.250 1 00000000000000000e00114e 98 
1248644136.362 1 00000000000000000e00114e 97 
1248644136.473 1 00000000000000000e00114e 98 
1248644136.585 1 00000000000000000e00114e 97 
1248644136.697 1 00000000000000000e00114e 98 
1248644136.809 1 00000000000000000e00114e 97 
1248644136.920 1 00000000000000000e00114e 97 
1248644137.032 1 00000000000000000e00114e 98 
1248644137.144 1 00000000000000000e00114e 97 
1248644137.256 1 00000000000000000e00114e 97 
1248644137.367 1 00000000000000000e00114e 95 
1248644137.479 1 00000000000000000e00114e 96 
1248644137.591 1 00000000000000000e00114e 95 
1248644137.703 1 00000000000000000e00114e 96 
1248644137.814 1 00000000000000000e00114e 97 
1248644137.926 1 00000000000000000e00114e 96 
1248644138.038 1 00000000000000000e00114e 96 
1248644138.150 1 00000000000000000e00114e 96 
1248644138.263 1 00000000000000000e00114e 92 
1248644138.373 1 00000000000000000e00114e 94 
1248644138.485 1 00000000000000000e00114e 95 
1248644138.597 1 00000000000000000e00114e 93 
1248644138.708 1 00000000000000000e00114e 91 
1248644138.820 1 00000000000000000e00114e 92 
1248644138.932 1 00000000000000000e00114e 93 
1248644139.044 1 00000000000000000e00114e 90 
1248644139.155 1 00000000000000000e00114e 90 
1248644139.267 1 00000000000000000e00114e 89 
1248644139.379 1 00000000000000000e00114e 89 
1248644139.491 1 00000000000000000e00114e 89 
1248644139.602 1 00000000000000000e00114e 86 
1248644139.714 1 00000000000000000e00114e 88 
1248644139.826 1 00000000000000000e00114e 86 
1248644139.938 1 00000000000000000e00114e 82 
1248644140.049 1 00000000000000000e00114e 81 
1248644140.161 1 00000000000000000e00114e 79 
1248644140.273 1 00000000000000000e00114e 81 
1248644140.385 1 00000000000000000e00114e 78 
1248644140.496 1 00000000000000000e00114e 80 
1248644140.608 1 00000000000000000e00114e 80 
1248644140.720 1 00000000000000000e00114e 80 
1248644140.832 1 00000000000000000e00114e 80 
1248644140.943 1 00000000000000000e00114e 81 
1248644141.055 1 00000000000000000e00114e 79 
1248644141.167 1 00000000000000000e00114e 80 
1248644141.279 1 00000000000000000e00114e 82 
1248644141.395 1 00000000000000000e00114e 80 
1248644141.518 1 00000000000000000e00114e 81 
1248644141.630 1 00000000000000000e00114e 81 
1248644141.742 1 00000000000000000e00114e 82 
1248644141.853 1 00000000000000000e00114e 75 
1248644141.965 1 00000000000000000e00114e 81 
1248644142.077 1 00000000000000000e00114e 80 
